[2026-01-04 09:55:30] [INFO] Application initialized {"base_url":"https:\/\/ccgard.com","is_dev":false}
[2026-01-04 09:59:25] [INFO] Application initialized {"base_url":"http:\/\/ccgard.com","is_dev":false}
[2026-01-04 10:02:57] [INFO] Application initialized {"base_url":"http:\/\/www.ccgard.com","is_dev":false}
[2026-01-04 10:37:03] [INFO] Application initialized {"base_url":"https:\/\/ccgard.com","is_dev":false}
[2026-01-04 10:37:09] [INFO] Application initialized {"base_url":"https:\/\/ccgard.com","is_dev":false}
[2026-01-04 10:50:58] [INFO] Application initialized {"base_url":"https:\/\/ccgard.com","is_dev":false}
[2026-01-04 10:57:16] [INFO] Application initialized {"base_url":"http:\/\/www.ccgard.com","is_dev":false}
[2026-01-04 11:14:06] [INFO] Application initialized {"base_url":"https:\/\/www.ccgard.com","is_dev":false}
[2026-01-04 11:41:15] [INFO] Application initialized {"base_url":"http:\/\/ccgard.com","is_dev":false}
[2026-01-04 11:41:16] [INFO] Application initialized {"base_url":"https:\/\/ccgard.com","is_dev":false}
[2026-01-04 11:57:48] [INFO] Application initialized {"base_url":"https:\/\/ccgard.com","is_dev":false}
[2026-01-04 11:58:46] [INFO] Application initialized {"base_url":"https:\/\/ccgard.com","is_dev":false}
[2026-01-04 12:36:00] [INFO] Application initialized {"base_url":"http:\/\/ccgard.com","is_dev":false}
[2026-01-04 13:06:42] [INFO] Application initialized {"base_url":"http:\/\/ccgard.com","is_dev":false}
[2026-01-04 15:03:58] [INFO] Application initialized {"base_url":"http:\/\/ccgard.com","is_dev":false}
[2026-01-04 15:04:01] [INFO] Application initialized {"base_url":"http:\/\/ccgard.com","is_dev":false}
[2026-01-04 15:04:33] [INFO] Application initialized {"base_url":"https:\/\/ccgard.com","is_dev":false}
[2026-01-04 15:23:18] [INFO] Application initialized {"base_url":"http:\/\/ccgard.com","is_dev":false}
[2026-01-04 15:23:36] [INFO] Application initialized {"base_url":"http:\/\/ccgard.com","is_dev":false}
[2026-01-04 15:54:15] [INFO] Application initialized {"base_url":"https:\/\/ccgard.com","is_dev":false}
[2026-01-04 16:03:22] [INFO] Application initialized {"base_url":"http:\/\/www.ccgard.com","is_dev":false}
[2026-01-04 16:07:11] [INFO] Application initialized {"base_url":"https:\/\/ccgard.com","is_dev":false}
[2026-01-04 16:07:11] [INFO] Application initialized {"base_url":"https:\/\/ccgard.com","is_dev":false}
[2026-01-04 16:08:45] [INFO] Application initialized {"base_url":"http:\/\/ccgard.com","is_dev":false}
[2026-01-04 16:08:45] [INFO] Application initialized {"base_url":"http:\/\/ccgard.com","is_dev":false}
[2026-01-04 16:09:02] [INFO] Application initialized {"base_url":"http:\/\/ccgard.com","is_dev":false}
[2026-01-04 16:36:46] [INFO] Application initialized {"base_url":"https:\/\/ccgard.com","is_dev":false}
[2026-01-04 16:39:31] [INFO] Application initialized {"base_url":"https:\/\/ccgard.com","is_dev":false}
[2026-01-04 16:45:59] [INFO] Application initialized {"base_url":"https:\/\/ccgard.com","is_dev":false}
[2026-01-04 16:46:18] [INFO] Application initialized {"base_url":"https:\/\/ccgard.com","is_dev":false}
[2026-01-04 16:53:46] [INFO] Application initialized {"base_url":"http:\/\/ccgard.com","is_dev":false}
[2026-01-04 17:20:01] [INFO] Application initialized {"base_url":"https:\/\/ccgard.com","is_dev":false}
[2026-01-04 17:20:01] [INFO] Application initialized {"base_url":"https:\/\/ccgard.com","is_dev":false}
[2026-01-04 17:29:29] [INFO] Application initialized {"base_url":"http:\/\/ccgard.com","is_dev":false}
[2026-01-04 17:59:42] [INFO] Application initialized {"base_url":"https:\/\/ccgard.com","is_dev":false}
[2026-01-04 18:04:19] [INFO] Application initialized {"base_url":"https:\/\/ccgard.com","is_dev":false}
[2026-01-04 18:13:17] [INFO] Application initialized {"base_url":"http:\/\/ccgard.com","is_dev":false}
[2026-01-04 18:17:15] [INFO] Application initialized {"base_url":"http:\/\/www.ccgard.com","is_dev":false}
[2026-01-04 18:31:18] [INFO] Application initialized {"base_url":"https:\/\/ccgard.com","is_dev":false}
[2026-01-04 18:53:56] [INFO] Application initialized {"base_url":"http:\/\/www.ccgard.com","is_dev":false}
[2026-01-04 18:55:39] [INFO] Application initialized {"base_url":"http:\/\/ccgard.com","is_dev":false}
[2026-01-04 18:55:46] [INFO] Application initialized {"base_url":"http:\/\/ccgard.com","is_dev":false}
[2026-01-04 18:55:49] [INFO] Application initialized {"base_url":"http:\/\/ccgard.com","is_dev":false}
[2026-01-04 18:55:58] [INFO] Application initialized {"base_url":"http:\/\/ccgard.com","is_dev":false}
[2026-01-04 18:56:04] [INFO] Application initialized {"base_url":"http:\/\/ccgard.com","is_dev":false}
[2026-01-04 18:56:06] [INFO] Application initialized {"base_url":"http:\/\/ccgard.com","is_dev":false}
[2026-01-04 18:56:08] [INFO] Application initialized {"base_url":"http:\/\/ccgard.com","is_dev":false}
[2026-01-04 18:56:19] [INFO] Application initialized {"base_url":"http:\/\/ccgard.com","is_dev":false}
[2026-01-04 18:56:22] [INFO] Application initialized {"base_url":"http:\/\/ccgard.com","is_dev":false}
[2026-01-04 18:56:23] [INFO] Application initialized {"base_url":"http:\/\/ccgard.com","is_dev":false}
[2026-01-04 18:56:28] [INFO] Application initialized {"base_url":"http:\/\/ccgard.com","is_dev":false}
[2026-01-04 19:08:53] [INFO] Application initialized {"base_url":"http:\/\/ccgard.com","is_dev":false}
[2026-01-04 19:08:57] [INFO] Application initialized {"base_url":"http:\/\/www.ccgard.com","is_dev":false}
[2026-01-04 19:09:10] [INFO] Application initialized {"base_url":"http:\/\/ccgard.com","is_dev":false}
[2026-01-04 19:09:10] [INFO] Application initialized {"base_url":"http:\/\/ccgard.com","is_dev":false}
[2026-01-04 19:09:27] [INFO] Application initialized {"base_url":"http:\/\/www.ccgard.com","is_dev":false}
[2026-01-04 19:09:27] [INFO] Application initialized {"base_url":"http:\/\/www.ccgard.com","is_dev":false}
[2026-01-04 19:10:55] [INFO] Application initialized {"base_url":"https:\/\/ccgard.com","is_dev":false}
[2026-01-04 19:11:27] [INFO] Application initialized {"base_url":"https:\/\/ccgard.com","is_dev":false}
[2026-01-04 19:11:28] [INFO] Application initialized {"base_url":"https:\/\/ccgard.com","is_dev":false}
[2026-01-04 19:15:38] [INFO] Application initialized {"base_url":"http:\/\/ccgard.com","is_dev":false}
[2026-01-04 20:03:16] [INFO] Application initialized {"base_url":"http:\/\/ccgard.com","is_dev":false}
[2026-01-04 20:20:57] [INFO] Application initialized {"base_url":"http:\/\/ccgard.com","is_dev":false}
[2026-01-04 20:28:33] [INFO] Application initialized {"base_url":"https:\/\/ccgard.com","is_dev":false}
[2026-01-04 21:03:27] [INFO] Application initialized {"base_url":"http:\/\/www.ccgard.com","is_dev":false}
[2026-01-04 21:50:57] [INFO] Application initialized {"base_url":"http:\/\/ccgard.com","is_dev":false}
[2026-01-04 22:03:15] [INFO] Application initialized {"base_url":"https:\/\/ccgard.com","is_dev":false}
[2026-01-04 22:11:45] [INFO] Application initialized {"base_url":"https:\/\/ccgard.com","is_dev":false}
[2026-01-04 22:22:14] [INFO] Application initialized {"base_url":"https:\/\/ccgard.com","is_dev":false}
[2026-01-04 22:27:11] [INFO] Application initialized {"base_url":"https:\/\/ccgard.com","is_dev":false}
[2026-01-04 22:37:43] [INFO] Application initialized {"base_url":"https:\/\/ccgard.com","is_dev":false}
[2026-01-04 23:05:56] [INFO] Application initialized {"base_url":"https:\/\/ccgard.com","is_dev":false}
[2026-01-04 23:10:51] [INFO] Application initialized {"base_url":"http:\/\/ccgard.com","is_dev":false}
[2026-01-04 23:10:52] [INFO] Application initialized {"base_url":"http:\/\/ccgard.com","is_dev":false}
[2026-01-04 23:17:33] [INFO] Application initialized {"base_url":"http:\/\/www.ccgard.com","is_dev":false}
[2026-01-04 23:17:33] [INFO] Application initialized {"base_url":"https:\/\/www.ccgard.com","is_dev":false}
[2026-01-04 23:17:34] [INFO] Application initialized {"base_url":"http:\/\/www.ccgard.com","is_dev":false}
[2026-01-04 23:17:36] [INFO] Application initialized {"base_url":"http:\/\/www.ccgard.com","is_dev":false}
[2026-01-04 23:17:43] [INFO] Application initialized {"base_url":"http:\/\/www.ccgard.com","is_dev":false}
[2026-01-04 23:17:46] [INFO] Application initialized {"base_url":"https:\/\/www.ccgard.com","is_dev":false}
[2026-01-04 23:17:46] [INFO] Application initialized {"base_url":"https:\/\/www.ccgard.com","is_dev":false}
[2026-01-05 00:03:33] [INFO] Application initialized {"base_url":"https:\/\/ccgard.com","is_dev":false}
[2026-01-05 00:03:33] [INFO] Application initialized {"base_url":"https:\/\/ccgard.com","is_dev":false}
[2026-01-05 00:04:56] [INFO] Application initialized {"base_url":"https:\/\/ccgard.com","is_dev":false}
[2026-01-05 00:04:56] [INFO] Application initialized {"base_url":"https:\/\/ccgard.com","is_dev":false}
[2026-01-05 00:07:14] [INFO] Application initialized {"base_url":"https:\/\/ccgard.com","is_dev":false}
[2026-01-05 00:07:14] [INFO] Application initialized {"base_url":"https:\/\/ccgard.com","is_dev":false}
[2026-01-05 00:13:44] [INFO] Application initialized {"base_url":"https:\/\/ccgard.com","is_dev":false}
[2026-01-05 00:13:44] [INFO] Application initialized {"base_url":"https:\/\/ccgard.com","is_dev":false}
[2026-01-05 00:14:51] [INFO] Application initialized {"base_url":"https:\/\/ccgard.com","is_dev":false}
[2026-01-05 00:16:28] [INFO] Application initialized {"base_url":"http:\/\/ccgard.com","is_dev":false}
[2026-01-05 00:59:06] [INFO] Application initialized {"base_url":"http:\/\/ccgard.com","is_dev":false}
[2026-01-05 01:01:52] [INFO] Application initialized {"base_url":"http:\/\/ccgard.com","is_dev":false}
[2026-01-05 01:47:11] [INFO] Application initialized {"base_url":"http:\/\/www.ccgard.com","is_dev":false}
[2026-01-05 01:47:36] [INFO] Application initialized {"base_url":"http:\/\/ccgard.com","is_dev":false}
[2026-01-05 01:56:22] [INFO] Application initialized {"base_url":"https:\/\/ccgard.com","is_dev":false}
[2026-01-05 01:56:25] [INFO] Application initialized {"base_url":"https:\/\/ccgard.com","is_dev":false}
[2026-01-05 02:05:45] [INFO] Application initialized {"base_url":"http:\/\/www.ccgard.com","is_dev":false}
[2026-01-05 02:05:45] [INFO] Application initialized {"base_url":"http:\/\/ccgard.com","is_dev":false}
[2026-01-05 02:05:46] [INFO] Application initialized {"base_url":"https:\/\/ccgard.com","is_dev":false}
[2026-01-05 02:05:46] [INFO] Application initialized {"base_url":"https:\/\/ccgard.com","is_dev":false}
[2026-01-05 02:05:46] [INFO] Application initialized {"base_url":"https:\/\/www.ccgard.com","is_dev":false}
[2026-01-05 02:05:46] [INFO] Application initialized {"base_url":"https:\/\/www.ccgard.com","is_dev":false}
[2026-01-05 02:16:12] [INFO] Application initialized {"base_url":"http:\/\/ccgard.com","is_dev":false}
[2026-01-05 03:20:33] [INFO] Application initialized {"base_url":"http:\/\/ccgard.com","is_dev":false}
[2026-01-05 04:11:52] [INFO] Application initialized {"base_url":"http:\/\/ccgard.com","is_dev":false}
[2026-01-05 04:11:55] [INFO] Application initialized {"base_url":"http:\/\/ccgard.com","is_dev":false}
[2026-01-05 04:39:49] [INFO] Application initialized {"base_url":"https:\/\/ccgard.com","is_dev":false}
[2026-01-05 04:39:59] [INFO] Application initialized {"base_url":"https:\/\/ccgard.com","is_dev":false}
[2026-01-05 04:40:00] [INFO] Application initialized {"base_url":"https:\/\/ccgard.com","is_dev":false}
[2026-01-05 04:40:13] [INFO] Application initialized {"base_url":"https:\/\/ccgard.com","is_dev":false}
[2026-01-05 05:51:22] [INFO] Application initialized {"base_url":"http:\/\/ccgard.com","is_dev":false}
[2026-01-05 06:42:12] [INFO] Application initialized {"base_url":"https:\/\/www.ccgard.com","is_dev":false}
[2026-01-05 07:03:04] [INFO] Application initialized {"base_url":"http:\/\/www.ccgard.com","is_dev":false}
[2026-01-05 07:18:06] [INFO] Application initialized {"base_url":"http:\/\/www.ccgard.com","is_dev":false}
[2026-01-05 07:30:34] [INFO] Application initialized {"base_url":"https:\/\/ccgard.com","is_dev":false}
[2026-01-05 07:32:20] [INFO] Application initialized {"base_url":"https:\/\/ccgard.com","is_dev":false}
[2026-01-05 07:37:12] [INFO] Application initialized {"base_url":"https:\/\/ccgard.com","is_dev":false}
[2026-01-05 07:37:57] [INFO] Application initialized {"base_url":"https:\/\/ccgard.com","is_dev":false}
[2026-01-05 07:59:18] [INFO] Application initialized {"base_url":"http:\/\/ccgard.com","is_dev":false}
[2026-01-05 08:00:39] [INFO] Application initialized {"base_url":"https:\/\/ccgard.com","is_dev":false}
[2026-01-05 08:00:45] [INFO] Application initialized {"base_url":"https:\/\/ccgard.com","is_dev":false}
[2026-01-05 08:00:46] [INFO] Application initialized {"base_url":"https:\/\/ccgard.com","is_dev":false}
[2026-01-05 08:00:48] [INFO] Application initialized {"base_url":"https:\/\/ccgard.com","is_dev":false}
[2026-01-05 08:00:53] [INFO] Application initialized {"base_url":"https:\/\/ccgard.com","is_dev":false}
[2026-01-05 08:01:01] [INFO] Application initialized {"base_url":"https:\/\/ccgard.com","is_dev":false}
[2026-01-05 08:01:01] [INFO] Application initialized {"base_url":"https:\/\/ccgard.com","is_dev":false}
[2026-01-05 08:09:22] [INFO] Application initialized {"base_url":"http:\/\/ccgard.com","is_dev":false}
[2026-01-05 08:09:24] [INFO] Application initialized {"base_url":"http:\/\/ccgard.com","is_dev":false}
[2026-01-05 08:33:16] [INFO] Application initialized {"base_url":"http:\/\/ccgard.com","is_dev":false}
[2026-01-05 08:59:58] [INFO] Application initialized {"base_url":"https:\/\/ccgard.com","is_dev":false}
[2026-01-05 09:11:09] [INFO] Application initialized {"base_url":"https:\/\/ccgard.com","is_dev":false}
[2026-01-05 09:17:35] [INFO] Application initialized {"base_url":"https:\/\/www.ccgard.com","is_dev":false}
[2026-01-05 09:19:41] [INFO] Application initialized {"base_url":"http:\/\/www.ccgard.com","is_dev":false}
[2026-01-05 10:02:08] [INFO] Application initialized {"base_url":"http:\/\/www.ccgard.com","is_dev":false}
[2026-01-05 11:11:48] [INFO] Application initialized {"base_url":"https:\/\/ccgard.com","is_dev":false}
[2026-01-05 11:11:54] [INFO] Application initialized {"base_url":"https:\/\/ccgard.com","is_dev":false}
[2026-01-05 11:24:34] [INFO] Application initialized {"base_url":"http:\/\/ccgard.com","is_dev":false}
[2026-01-05 11:34:55] [INFO] Application initialized {"base_url":"https:\/\/ccgard.com","is_dev":false}
[2026-01-05 12:41:19] [INFO] Application initialized {"base_url":"https:\/\/ccgard.com","is_dev":false}
[2026-01-05 12:43:05] [INFO] Application initialized {"base_url":"http:\/\/ccgard.com","is_dev":false}
[2026-01-05 12:48:00] [INFO] Application initialized {"base_url":"https:\/\/ccgard.com","is_dev":false}
[2026-01-05 12:50:50] [INFO] Application initialized {"base_url":"http:\/\/ccgard.com","is_dev":false}
[2026-01-05 12:53:06] [INFO] Application initialized {"base_url":"http:\/\/ccgard.com","is_dev":false}
[2026-01-05 12:53:58] [INFO] Application initialized {"base_url":"http:\/\/ccgard.com","is_dev":false}
[2026-01-05 12:53:58] [INFO] Application initialized {"base_url":"https:\/\/ccgard.com","is_dev":false}
[2026-01-05 13:00:02] [INFO] Application initialized {"base_url":"https:\/\/ccgard.com","is_dev":false}
[2026-01-05 13:03:56] [INFO] Application initialized {"base_url":"https:\/\/ccgard.com","is_dev":false}
[2026-01-05 13:07:05] [INFO] Application initialized {"base_url":"https:\/\/ccgard.com","is_dev":false}
[2026-01-05 13:07:06] [INFO] Application initialized {"base_url":"https:\/\/ccgard.com","is_dev":false}
[2026-01-05 13:08:21] [INFO] Application initialized {"base_url":"http:\/\/ccgard.com","is_dev":false}
[2026-01-05 13:08:44] [INFO] Application initialized {"base_url":"https:\/\/ccgard.com","is_dev":false}
[2026-01-05 13:09:37] [INFO] Application initialized {"base_url":"http:\/\/ccgard.com","is_dev":false}
[2026-01-05 13:09:37] [INFO] Application initialized {"base_url":"http:\/\/ccgard.com","is_dev":false}
[2026-01-05 13:10:46] [INFO] Application initialized {"base_url":"http:\/\/ccgard.com","is_dev":false}
[2026-01-05 13:10:46] [INFO] Application initialized {"base_url":"http:\/\/ccgard.com","is_dev":false}
[2026-01-05 13:24:24] [INFO] Application initialized {"base_url":"http:\/\/ccgard.com","is_dev":false}
[2026-01-05 13:26:30] [INFO] Application initialized {"base_url":"http:\/\/ccgard.com","is_dev":false}
[2026-01-05 13:29:33] [INFO] Application initialized {"base_url":"https:\/\/ccgard.com","is_dev":false}
[2026-01-05 13:57:32] [INFO] Application initialized {"base_url":"http:\/\/ccgard.com","is_dev":false}
[2026-01-05 13:57:36] [INFO] Application initialized {"base_url":"https:\/\/ccgard.com","is_dev":false}
[2026-01-05 14:12:33] [INFO] Application initialized {"base_url":"https:\/\/www.ccgard.com","is_dev":false}
[2026-01-05 14:18:44] [INFO] Application initialized {"base_url":"https:\/\/ccgard.com","is_dev":false}
[2026-01-05 14:41:04] [INFO] Application initialized {"base_url":"http:\/\/ccgard.com","is_dev":false}
[2026-01-05 14:54:02] [INFO] Application initialized {"base_url":"https:\/\/ccgard.com","is_dev":false}
[2026-01-05 14:55:39] [INFO] Application initialized {"base_url":"http:\/\/ccgard.com","is_dev":false}
[2026-01-05 14:57:24] [INFO] Application initialized {"base_url":"https:\/\/ccgard.com","is_dev":false}
[2026-01-05 14:59:06] [INFO] Application initialized {"base_url":"https:\/\/ccgard.com","is_dev":false}
[2026-01-05 15:30:47] [INFO] Application initialized {"base_url":"http:\/\/ccgard.com","is_dev":false}
[2026-01-05 15:30:52] [INFO] Application initialized {"base_url":"http:\/\/ccgard.com","is_dev":false}
[2026-01-05 15:48:31] [INFO] Application initialized {"base_url":"https:\/\/ccgard.com","is_dev":false}
[2026-01-05 15:53:32] [INFO] Application initialized {"base_url":"http:\/\/ccgard.com","is_dev":false}
[2026-01-05 15:55:55] [INFO] Application initialized {"base_url":"https:\/\/ccgard.com","is_dev":false}
[2026-01-05 15:56:02] [INFO] Application initialized {"base_url":"https:\/\/ccgard.com","is_dev":false}
[2026-01-05 16:01:56] [INFO] Application initialized {"base_url":"http:\/\/www.ccgard.com","is_dev":false}
[2026-01-05 16:37:14] [INFO] Application initialized {"base_url":"http:\/\/ccgard.com","is_dev":false}
[2026-01-05 16:41:10] [INFO] Application initialized {"base_url":"http:\/\/www.ccgard.com","is_dev":false}
[2026-01-05 17:16:12] [INFO] Application initialized {"base_url":"http:\/\/ccgard.com","is_dev":false}
[2026-01-05 17:30:57] [INFO] Application initialized {"base_url":"http:\/\/ccgard.com","is_dev":false}
[2026-01-05 18:33:36] [INFO] Application initialized {"base_url":"https:\/\/ccgard.com","is_dev":false}
[2026-01-05 18:33:45] [INFO] Application initialized {"base_url":"https:\/\/ccgard.com","is_dev":false}
[2026-01-05 18:57:59] [INFO] Application initialized {"base_url":"http:\/\/ccgard.com","is_dev":false}
[2026-01-05 19:06:28] [INFO] Application initialized {"base_url":"http:\/\/ccgard.com","is_dev":false}
[2026-01-05 19:10:55] [INFO] Application initialized {"base_url":"https:\/\/www.ccgard.com","is_dev":false}
[2026-01-05 19:13:11] [INFO] Application initialized {"base_url":"https:\/\/ccgard.com","is_dev":false}
[2026-01-05 19:13:29] [INFO] Application initialized {"base_url":"https:\/\/ccgard.com","is_dev":false}
[2026-01-05 19:13:29] [INFO] Application initialized {"base_url":"https:\/\/ccgard.com","is_dev":false}
[2026-01-05 19:19:26] [INFO] Application initialized {"base_url":"https:\/\/ccgard.com","is_dev":false}
[2026-01-05 19:20:20] [INFO] Application initialized {"base_url":"http:\/\/ccgard.com","is_dev":false}
[2026-01-05 19:45:55] [INFO] Application initialized {"base_url":"https:\/\/ccgard.com","is_dev":false}
[2026-01-05 19:45:56] [INFO] Application initialized {"base_url":"https:\/\/ccgard.com","is_dev":false}
[2026-01-05 19:46:15] [INFO] Application initialized {"base_url":"https:\/\/ccgard.com","is_dev":false}
[2026-01-05 19:46:16] [INFO] Application initialized {"base_url":"https:\/\/ccgard.com","is_dev":false}
[2026-01-05 19:46:20] [INFO] Application initialized {"base_url":"http:\/\/www.ccgard.com","is_dev":false}
[2026-01-05 20:03:19] [INFO] Application initialized {"base_url":"http:\/\/ccgard.com","is_dev":false}
[2026-01-05 20:06:18] [INFO] Application initialized {"base_url":"http:\/\/ccgard.com","is_dev":false}
[2026-01-05 20:06:29] [INFO] Application initialized {"base_url":"http:\/\/ccgard.com","is_dev":false}
[2026-01-05 20:06:37] [INFO] Application initialized {"base_url":"http:\/\/ccgard.com","is_dev":false}
[2026-01-05 20:08:25] [INFO] Application initialized {"base_url":"http:\/\/ccgard.com","is_dev":false}
[2026-01-05 21:02:18] [INFO] Application initialized {"base_url":"http:\/\/www.ccgard.com","is_dev":false}
[2026-01-05 21:16:55] [INFO] Application initialized {"base_url":"https:\/\/mail.ccgard.com","is_dev":false}
[2026-01-05 21:41:59] [INFO] Application initialized {"base_url":"http:\/\/ccgard.com","is_dev":false}
[2026-01-05 21:42:52] [INFO] Application initialized {"base_url":"http:\/\/ccgard.com","is_dev":false}
[2026-01-05 22:41:55] [INFO] Application initialized {"base_url":"https:\/\/ccgard.com","is_dev":false}
[2026-01-05 23:07:39] [INFO] Application initialized {"base_url":"https:\/\/ccgard.com","is_dev":false}
[2026-01-05 23:28:08] [INFO] Application initialized {"base_url":"http:\/\/ccgard.com","is_dev":false}
[2026-01-05 23:40:30] [INFO] Application initialized {"base_url":"http:\/\/ccgard.com","is_dev":false}
[2026-01-05 23:40:30] [INFO] Application initialized {"base_url":"http:\/\/ccgard.com","is_dev":false}
[2026-01-05 23:40:31] [INFO] Application initialized {"base_url":"http:\/\/ccgard.com","is_dev":false}
[2026-01-05 23:41:25] [INFO] Application initialized {"base_url":"http:\/\/ccgard.com","is_dev":false}
[2026-01-06 00:02:36] [INFO] Application initialized {"base_url":"https:\/\/ccgard.com","is_dev":false}
[2026-01-06 00:25:22] [INFO] Application initialized {"base_url":"http:\/\/www.ccgard.com","is_dev":false}
[2026-01-06 02:09:30] [INFO] Application initialized {"base_url":"https:\/\/mail.ccgard.com","is_dev":false}
[2026-01-06 02:32:27] [INFO] Application initialized {"base_url":"http:\/\/ccgard.com","is_dev":false}
[2026-01-06 02:51:22] [INFO] Application initialized {"base_url":"https:\/\/ccgard.com","is_dev":false}
[2026-01-06 03:01:33] [INFO] Application initialized {"base_url":"https:\/\/www.ccgard.com","is_dev":false}
[2026-01-06 03:04:26] [INFO] Application initialized {"base_url":"https:\/\/ccgard.com","is_dev":false}
[2026-01-06 03:04:40] [INFO] Application initialized {"base_url":"https:\/\/ccgard.com","is_dev":false}
[2026-01-06 03:04:45] [INFO] Application initialized {"base_url":"https:\/\/ccgard.com","is_dev":false}
[2026-01-06 03:04:48] [INFO] Application initialized {"base_url":"https:\/\/ccgard.com","is_dev":false}
[2026-01-06 03:04:54] [INFO] Application initialized {"base_url":"https:\/\/ccgard.com","is_dev":false}
[2026-01-06 03:10:18] [INFO] Application initialized {"base_url":"https:\/\/ccgard.com","is_dev":false}
[2026-01-06 03:10:39] [INFO] Application initialized {"base_url":"https:\/\/www.ccgard.com","is_dev":false}
[2026-01-06 03:10:56] [INFO] Application initialized {"base_url":"https:\/\/ccgard.com","is_dev":false}
[2026-01-06 04:17:19] [INFO] Application initialized {"base_url":"http:\/\/ccgard.com","is_dev":false}
[2026-01-06 04:17:29] [INFO] Application initialized {"base_url":"https:\/\/ccgard.com","is_dev":false}
[2026-01-06 04:30:57] [INFO] Application initialized {"base_url":"https:\/\/www.ccgard.com","is_dev":false}
[2026-01-06 04:56:13] [INFO] Application initialized {"base_url":"http:\/\/www.ccgard.com","is_dev":false}
[2026-01-06 05:52:03] [INFO] Application initialized {"base_url":"http:\/\/ccgard.com","is_dev":false}
[2026-01-06 05:52:06] [INFO] Application initialized {"base_url":"http:\/\/ccgard.com","is_dev":false}
[2026-01-06 06:57:32] [INFO] Application initialized {"base_url":"http:\/\/ccgard.com","is_dev":false}
[2026-01-06 07:02:48] [INFO] Application initialized {"base_url":"http:\/\/www.ccgard.com","is_dev":false}
[2026-01-06 07:24:48] [INFO] Application initialized {"base_url":"http:\/\/ccgard.com","is_dev":false}
[2026-01-06 07:24:49] [INFO] Application initialized {"base_url":"http:\/\/ccgard.com","is_dev":false}
[2026-01-06 07:25:20] [INFO] Application initialized {"base_url":"http:\/\/ccgard.com","is_dev":false}
[2026-01-06 07:46:37] [INFO] Application initialized {"base_url":"http:\/\/www.ccgard.com","is_dev":false}
[2026-01-06 07:56:53] [INFO] Application initialized {"base_url":"http:\/\/www.ccgard.com","is_dev":false}
[2026-01-06 08:33:08] [INFO] Application initialized {"base_url":"https:\/\/ccgard.com","is_dev":false}
[2026-01-06 08:34:39] [INFO] Application initialized {"base_url":"https:\/\/ccgard.com","is_dev":false}
[2026-01-06 08:34:48] [INFO] Application initialized {"base_url":"https:\/\/ccgard.com","is_dev":false}
[2026-01-06 08:34:53] [INFO] Application initialized {"base_url":"https:\/\/ccgard.com","is_dev":false}
[2026-01-06 08:35:06] [INFO] Application initialized {"base_url":"https:\/\/ccgard.com","is_dev":false}
[2026-01-06 08:35:10] [INFO] Application initialized {"base_url":"https:\/\/ccgard.com","is_dev":false}
[2026-01-06 08:35:14] [INFO] Application initialized {"base_url":"https:\/\/ccgard.com","is_dev":false}
[2026-01-06 09:12:40] [INFO] Application initialized {"base_url":"https:\/\/www.ccgard.com","is_dev":false}
[2026-01-06 09:34:55] [INFO] Application initialized {"base_url":"http:\/\/ccgard.com","is_dev":false}
[2026-01-06 09:42:40] [INFO] Application initialized {"base_url":"https:\/\/ccgard.com","is_dev":false}
[2026-01-06 10:00:56] [INFO] Application initialized {"base_url":"http:\/\/ccgard.com","is_dev":false}
[2026-01-06 10:03:19] [INFO] Application initialized {"base_url":"http:\/\/www.ccgard.com","is_dev":false}
[2026-01-06 10:34:44] [INFO] Application initialized {"base_url":"https:\/\/ccgard.com","is_dev":false}
[2026-01-06 10:44:46] [INFO] Application initialized {"base_url":"https:\/\/ccgard.com","is_dev":false}
[2026-01-06 11:40:41] [INFO] Application initialized {"base_url":"http:\/\/ccgard.com","is_dev":false}
[2026-01-06 11:40:41] [INFO] Application initialized {"base_url":"https:\/\/ccgard.com","is_dev":false}
[2026-01-06 12:01:17] [INFO] Application initialized {"base_url":"http:\/\/ccgard.com","is_dev":false}
[2026-01-06 12:01:20] [INFO] Application initialized {"base_url":"http:\/\/ccgard.com","is_dev":false}
[2026-01-06 12:01:21] [INFO] Application initialized {"base_url":"https:\/\/ccgard.com","is_dev":false}
[2026-01-06 12:24:03] [INFO] Application initialized {"base_url":"https:\/\/ccgard.com","is_dev":false}
[2026-01-06 13:11:27] [INFO] Application initialized {"base_url":"https:\/\/ccgard.com","is_dev":false}
[2026-01-06 13:36:24] [INFO] Application initialized {"base_url":"http:\/\/ccgard.com","is_dev":false}
[2026-01-06 13:36:31] [INFO] Application initialized {"base_url":"http:\/\/ccgard.com","is_dev":false}
[2026-01-06 13:51:52] [INFO] Application initialized {"base_url":"http:\/\/www.ccgard.com","is_dev":false}
[2026-01-06 13:51:52] [INFO] Application initialized {"base_url":"http:\/\/www.ccgard.com","is_dev":false}
[2026-01-06 13:51:55] [INFO] Application initialized {"base_url":"https:\/\/www.ccgard.com","is_dev":false}
[2026-01-06 13:51:55] [INFO] Application initialized {"base_url":"https:\/\/www.ccgard.com","is_dev":false}
[2026-01-06 13:51:57] [INFO] Application initialized {"base_url":"http:\/\/www.ccgard.com","is_dev":false}
[2026-01-06 13:51:59] [INFO] Application initialized {"base_url":"https:\/\/www.ccgard.com","is_dev":false}
[2026-01-06 14:03:18] [INFO] Application initialized {"base_url":"http:\/\/ccgard.com","is_dev":false}
[2026-01-06 14:03:22] [INFO] Application initialized {"base_url":"http:\/\/ccgard.com","is_dev":false}
[2026-01-06 14:13:04] [INFO] Application initialized {"base_url":"http:\/\/ccgard.com","is_dev":false}
[2026-01-06 15:04:59] [INFO] Application initialized {"base_url":"http:\/\/www.ccgard.com","is_dev":false}
[2026-01-06 15:14:35] [INFO] Application initialized {"base_url":"http:\/\/www.ccgard.com","is_dev":false}
[2026-01-06 15:15:17] [INFO] Application initialized {"base_url":"http:\/\/ccgard.com","is_dev":false}
[2026-01-06 15:56:08] [INFO] Application initialized {"base_url":"http:\/\/ccgard.com","is_dev":false}
[2026-01-06 16:03:50] [INFO] Application initialized {"base_url":"http:\/\/www.ccgard.com","is_dev":false}
[2026-01-06 16:45:33] [INFO] Application initialized {"base_url":"https:\/\/ccgard.com","is_dev":false}
[2026-01-06 17:14:19] [INFO] Application initialized {"base_url":"https:\/\/ccgard.com","is_dev":false}
[2026-01-06 17:16:52] [INFO] Application initialized {"base_url":"http:\/\/ccgard.com","is_dev":false}
[2026-01-06 17:29:30] [INFO] Application initialized {"base_url":"http:\/\/ccgard.com","is_dev":false}
[2026-01-06 18:19:35] [INFO] Application initialized {"base_url":"https:\/\/ccgard.com","is_dev":false}
[2026-01-06 20:03:04] [INFO] Application initialized {"base_url":"http:\/\/ccgard.com","is_dev":false}
[2026-01-06 21:01:56] [INFO] Application initialized {"base_url":"http:\/\/www.ccgard.com","is_dev":false}
[2026-01-06 21:24:28] [INFO] Application initialized {"base_url":"http:\/\/ccgard.com","is_dev":false}
[2026-01-06 21:32:32] [INFO] Application initialized {"base_url":"http:\/\/ccgard.com","is_dev":false}
[2026-01-06 21:51:01] [INFO] Application initialized {"base_url":"http:\/\/ccgard.com","is_dev":false}
[2026-01-06 21:59:16] [INFO] Application initialized {"base_url":"https:\/\/ccgard.com","is_dev":false}
[2026-01-06 22:21:34] [INFO] Application initialized {"base_url":"https:\/\/ccgard.com","is_dev":false}
[2026-01-06 22:39:15] [INFO] Application initialized {"base_url":"http:\/\/www.ccgard.com","is_dev":false}
[2026-01-06 23:13:52] [INFO] Application initialized {"base_url":"https:\/\/ccgard.com","is_dev":false}
[2026-01-06 23:17:45] [INFO] Application initialized {"base_url":"https:\/\/ccgard.com","is_dev":false}
[2026-01-06 23:29:38] [INFO] Application initialized {"base_url":"https:\/\/ccgard.com","is_dev":false}
[2026-01-06 23:36:14] [INFO] Application initialized {"base_url":"https:\/\/ccgard.com","is_dev":false}
[2026-01-07 00:03:17] [INFO] Application initialized {"base_url":"https:\/\/ccgard.com","is_dev":false}
[2026-01-07 00:09:58] [INFO] Application initialized {"base_url":"https:\/\/ccgard.com","is_dev":false}
[2026-01-07 00:12:26] [INFO] Application initialized {"base_url":"https:\/\/ccgard.com","is_dev":false}
[2026-01-07 00:18:26] [INFO] Application initialized {"base_url":"https:\/\/ccgard.com","is_dev":false}
[2026-01-07 00:23:10] [INFO] Application initialized {"base_url":"https:\/\/ccgard.com","is_dev":false}
[2026-01-07 00:43:49] [INFO] Application initialized {"base_url":"https:\/\/www.ccgard.com","is_dev":false}
[2026-01-07 00:44:02] [INFO] Application initialized {"base_url":"https:\/\/www.ccgard.com","is_dev":false}
[2026-01-07 00:44:02] [INFO] Application initialized {"base_url":"https:\/\/www.ccgard.com","is_dev":false}
[2026-01-07 00:46:57] [INFO] Application initialized {"base_url":"https:\/\/ccgard.com","is_dev":false}
[2026-01-07 01:02:06] [INFO] Application initialized {"base_url":"https:\/\/ccgard.com","is_dev":false}
[2026-01-07 01:09:57] [INFO] Application initialized {"base_url":"http:\/\/ccgard.com","is_dev":false}
[2026-01-07 02:12:02] [INFO] Application initialized {"base_url":"https:\/\/www.ccgard.com","is_dev":false}
[2026-01-07 02:32:57] [INFO] Application initialized {"base_url":"http:\/\/ccgard.com","is_dev":false}
[2026-01-07 03:21:58] [INFO] Application initialized {"base_url":"http:\/\/ccgard.com","is_dev":false}
[2026-01-07 03:22:18] [INFO] Application initialized {"base_url":"http:\/\/ccgard.com","is_dev":false}
[2026-01-07 03:33:17] [INFO] Application initialized {"base_url":"https:\/\/ccgard.com","is_dev":false}
[2026-01-07 04:07:51] [INFO] Application initialized {"base_url":"https:\/\/www.ccgard.com","is_dev":false}
[2026-01-07 04:39:25] [INFO] Application initialized {"base_url":"https:\/\/www.ccgard.com","is_dev":false}
[2026-01-07 04:48:31] [INFO] Application initialized {"base_url":"http:\/\/www.ccgard.com","is_dev":false}
[2026-01-07 05:01:52] [INFO] Application initialized {"base_url":"https:\/\/ccgard.com","is_dev":false}
[2026-01-07 05:06:57] [INFO] Application initialized {"base_url":"http:\/\/ccgard.com","is_dev":false}
[2026-01-07 05:07:17] [INFO] Application initialized {"base_url":"https:\/\/ccgard.com","is_dev":false}
[2026-01-07 05:09:52] [INFO] Application initialized {"base_url":"https:\/\/ccgard.com","is_dev":false}
[2026-01-07 05:54:29] [INFO] Application initialized {"base_url":"http:\/\/ccgard.com","is_dev":false}
[2026-01-07 05:56:21] [INFO] Application initialized {"base_url":"http:\/\/www.ccgard.com","is_dev":false}
[2026-01-07 06:00:42] [INFO] Application initialized {"base_url":"https:\/\/www.ccgard.com","is_dev":false}
[2026-01-07 07:03:32] [INFO] Application initialized {"base_url":"http:\/\/www.ccgard.com","is_dev":false}
[2026-01-07 07:08:42] [INFO] Application initialized {"base_url":"https:\/\/ccgard.com","is_dev":false}
[2026-01-07 07:22:31] [INFO] Application initialized {"base_url":"http:\/\/ccgard.com","is_dev":false}
[2026-01-07 08:07:27] [INFO] Application initialized {"base_url":"http:\/\/ccgard.com","is_dev":false}
[2026-01-07 08:07:30] [INFO] Application initialized {"base_url":"http:\/\/ccgard.com","is_dev":false}
[2026-01-07 08:09:19] [INFO] Application initialized {"base_url":"https:\/\/ccgard.com","is_dev":false}
[2026-01-07 08:09:51] [INFO] Application initialized {"base_url":"https:\/\/ccgard.com","is_dev":false}
[2026-01-07 08:21:22] [INFO] Application initialized {"base_url":"https:\/\/ccgard.com","is_dev":false}
[2026-01-07 08:22:09] [INFO] Application initialized {"base_url":"https:\/\/ccgard.com","is_dev":false}
[2026-01-07 08:57:21] [INFO] Application initialized {"base_url":"http:\/\/www.ccgard.com","is_dev":false}
[2026-01-07 09:15:30] [INFO] Application initialized {"base_url":"http:\/\/ccgard.com","is_dev":false}
[2026-01-07 09:15:31] [INFO] Application initialized {"base_url":"http:\/\/ccgard.com","is_dev":false}
[2026-01-07 10:03:07] [INFO] Application initialized {"base_url":"http:\/\/www.ccgard.com","is_dev":false}
[2026-01-07 11:57:48] [INFO] Application initialized {"base_url":"http:\/\/ccgard.com","is_dev":false}
[2026-01-07 12:31:45] [INFO] Application initialized {"base_url":"http:\/\/ccgard.com","is_dev":false}
[2026-01-07 13:26:19] [INFO] Application initialized {"base_url":"https:\/\/ccgard.com","is_dev":false}
[2026-01-07 13:31:08] [INFO] Application initialized {"base_url":"http:\/\/www.ccgard.com","is_dev":false}
[2026-01-07 13:42:52] [INFO] Application initialized {"base_url":"https:\/\/ccgard.com","is_dev":false}
[2026-01-07 14:53:02] [INFO] Application initialized {"base_url":"http:\/\/ccgard.com","is_dev":false}
[2026-01-07 14:59:42] [INFO] Application initialized {"base_url":"http:\/\/ccgard.com","is_dev":false}
[2026-01-07 14:59:43] [INFO] Application initialized {"base_url":"https:\/\/ccgard.com","is_dev":false}
[2026-01-07 14:59:44] [INFO] Application initialized {"base_url":"https:\/\/ccgard.com","is_dev":false}
[2026-01-07 15:00:13] [INFO] Application initialized {"base_url":"https:\/\/ccgard.com","is_dev":false}
[2026-01-07 15:23:19] [INFO] Application initialized {"base_url":"http:\/\/ccgard.com","is_dev":false}
[2026-01-07 15:23:19] [INFO] Application initialized {"base_url":"https:\/\/ccgard.com","is_dev":false}
[2026-01-07 15:39:27] [INFO] Application initialized {"base_url":"https:\/\/www.ccgard.com","is_dev":false}
[2026-01-07 16:03:45] [INFO] Application initialized {"base_url":"http:\/\/www.ccgard.com","is_dev":false}
[2026-01-07 18:25:18] [INFO] Application initialized {"base_url":"http:\/\/ccgard.com","is_dev":false}
[2026-01-07 18:25:29] [INFO] Application initialized {"base_url":"http:\/\/ccgard.com","is_dev":false}
[2026-01-07 18:25:29] [INFO] Application initialized {"base_url":"http:\/\/ccgard.com","is_dev":false}
[2026-01-07 18:25:30] [INFO] Application initialized {"base_url":"https:\/\/ccgard.com","is_dev":false}
[2026-01-07 18:25:37] [INFO] Application initialized {"base_url":"http:\/\/www.ccgard.com","is_dev":false}
[2026-01-07 18:25:37] [INFO] Application initialized {"base_url":"http:\/\/ccgard.com","is_dev":false}
[2026-01-07 18:25:39] [INFO] Application initialized {"base_url":"https:\/\/www.ccgard.com","is_dev":false}
[2026-01-07 19:16:55] [INFO] Application initialized {"base_url":"http:\/\/ccgard.com","is_dev":false}
[2026-01-07 19:30:53] [INFO] Application initialized {"base_url":"https:\/\/ccgard.com","is_dev":false}
[2026-01-07 19:30:54] [INFO] Application initialized {"base_url":"https:\/\/www.ccgard.com","is_dev":false}
[2026-01-07 20:03:21] [INFO] Application initialized {"base_url":"http:\/\/ccgard.com","is_dev":false}
[2026-01-07 20:07:35] [INFO] Application initialized {"base_url":"http:\/\/ccgard.com","is_dev":false}
[2026-01-07 20:44:44] [INFO] Application initialized {"base_url":"http:\/\/www.ccgard.com","is_dev":false}
[2026-01-07 20:48:06] [INFO] Application initialized {"base_url":"http:\/\/ccgard.com","is_dev":false}
[2026-01-07 21:01:59] [INFO] Application initialized {"base_url":"http:\/\/www.ccgard.com","is_dev":false}
[2026-01-07 21:26:35] [INFO] Application initialized {"base_url":"http:\/\/www.ccgard.com","is_dev":false}
[2026-01-07 21:51:05] [INFO] Application initialized {"base_url":"http:\/\/www.ccgard.com","is_dev":false}
[2026-01-07 22:17:44] [INFO] Application initialized {"base_url":"https:\/\/ccgard.com","is_dev":false}
[2026-01-07 23:49:21] [INFO] Application initialized {"base_url":"https:\/\/ccgard.com","is_dev":false}
[2026-01-08 00:03:25] [INFO] Application initialized {"base_url":"http:\/\/ccgard.com","is_dev":false}
[2026-01-08 01:13:03] [INFO] Application initialized {"base_url":"https:\/\/www.ccgard.com","is_dev":false}
[2026-01-08 01:17:32] [INFO] Application initialized {"base_url":"https:\/\/ccgard.com","is_dev":false}
[2026-01-08 01:53:56] [INFO] Application initialized {"base_url":"http:\/\/ccgard.com","is_dev":false}
[2026-01-08 01:53:57] [INFO] Application initialized {"base_url":"https:\/\/ccgard.com","is_dev":false}
[2026-01-08 02:28:24] [INFO] Application initialized {"base_url":"https:\/\/ccgard.com","is_dev":false}
[2026-01-08 02:29:29] [INFO] Application initialized {"base_url":"http:\/\/ccgard.com","is_dev":false}
[2026-01-08 02:29:29] [INFO] Application initialized {"base_url":"http:\/\/ccgard.com","is_dev":false}
[2026-01-08 02:29:36] [INFO] Application initialized {"base_url":"http:\/\/ccgard.com","is_dev":false}
[2026-01-08 02:31:27] [INFO] Application initialized {"base_url":"https:\/\/ccgard.com","is_dev":false}
[2026-01-08 02:31:27] [INFO] Application initialized {"base_url":"https:\/\/ccgard.com","is_dev":false}
[2026-01-08 02:31:38] [INFO] Application initialized {"base_url":"https:\/\/ccgard.com","is_dev":false}
[2026-01-08 02:49:04] [INFO] Application initialized {"base_url":"http:\/\/www.ccgard.com","is_dev":false}
[2026-01-08 02:49:04] [INFO] Application initialized {"base_url":"http:\/\/www.ccgard.com","is_dev":false}
[2026-01-08 02:49:23] [INFO] Application initialized {"base_url":"http:\/\/www.ccgard.com","is_dev":false}
[2026-01-08 02:49:30] [INFO] Application initialized {"base_url":"https:\/\/www.ccgard.com","is_dev":false}
[2026-01-08 02:49:30] [INFO] Application initialized {"base_url":"https:\/\/www.ccgard.com","is_dev":false}
[2026-01-08 02:49:38] [INFO] Application initialized {"base_url":"https:\/\/www.ccgard.com","is_dev":false}
[2026-01-08 03:57:00] [INFO] Application initialized {"base_url":"http:\/\/ccgard.com","is_dev":false}
[2026-01-08 04:14:30] [INFO] Application initialized {"base_url":"http:\/\/ccgard.com","is_dev":false}
[2026-01-08 05:01:44] [INFO] Application initialized {"base_url":"http:\/\/www.ccgard.com","is_dev":false}
[2026-01-08 05:07:45] [INFO] Application initialized {"base_url":"https:\/\/ccgard.com","is_dev":false}
[2026-01-08 05:14:19] [INFO] Application initialized {"base_url":"https:\/\/ccgard.com","is_dev":false}
[2026-01-08 05:28:20] [INFO] Application initialized {"base_url":"http:\/\/www.ccgard.com","is_dev":false}
[2026-01-08 05:38:26] [INFO] Application initialized {"base_url":"https:\/\/ccgard.com","is_dev":false}
[2026-01-08 05:39:20] [INFO] Application initialized {"base_url":"https:\/\/ccgard.com","is_dev":false}
[2026-01-08 07:03:45] [INFO] Application initialized {"base_url":"http:\/\/www.ccgard.com","is_dev":false}
[2026-01-08 07:53:58] [INFO] Application initialized {"base_url":"http:\/\/ccgard.com","is_dev":false}
[2026-01-08 08:42:56] [INFO] Application initialized {"base_url":"http:\/\/www.ccgard.com","is_dev":false}
[2026-01-08 08:59:39] [INFO] Application initialized {"base_url":"http:\/\/ccgard.com","is_dev":false}
[2026-01-08 09:21:58] [INFO] Application initialized {"base_url":"https:\/\/ccgard.com","is_dev":false}
[2026-01-08 10:03:04] [INFO] Application initialized {"base_url":"http:\/\/www.ccgard.com","is_dev":false}
[2026-01-08 10:33:53] [INFO] Application initialized {"base_url":"https:\/\/ccgard.com","is_dev":false}
[2026-01-08 10:33:53] [INFO] Application initialized {"base_url":"https:\/\/ccgard.com","is_dev":false}
[2026-01-08 11:18:20] [INFO] Application initialized {"base_url":"http:\/\/ccgard.com","is_dev":false}
[2026-01-08 11:46:58] [INFO] Application initialized {"base_url":"http:\/\/ccgard.com","is_dev":false}
[2026-01-08 11:46:58] [INFO] Application initialized {"base_url":"https:\/\/ccgard.com","is_dev":false}
[2026-01-08 12:10:41] [INFO] Application initialized {"base_url":"http:\/\/www.ccgard.com","is_dev":false}
[2026-01-08 14:15:30] [INFO] Application initialized {"base_url":"http:\/\/www.ccgard.com","is_dev":false}
[2026-01-08 16:04:28] [INFO] Application initialized {"base_url":"http:\/\/www.ccgard.com","is_dev":false}
[2026-01-08 16:51:21] [INFO] Application initialized {"base_url":"http:\/\/ccgard.com","is_dev":false}
[2026-01-08 18:42:49] [INFO] Application initialized {"base_url":"https:\/\/ccgard.com","is_dev":false}
[2026-01-08 18:43:05] [INFO] Application initialized {"base_url":"https:\/\/www.ccgard.com","is_dev":false}
[2026-01-08 19:58:25] [INFO] Application initialized {"base_url":"http:\/\/ccgard.com","is_dev":false}
[2026-01-08 20:03:41] [INFO] Application initialized {"base_url":"http:\/\/ccgard.com","is_dev":false}
[2026-01-08 20:14:15] [INFO] Application initialized {"base_url":"https:\/\/ccgard.com","is_dev":false}
[2026-01-08 20:15:57] [INFO] Application initialized {"base_url":"http:\/\/ccgard.com","is_dev":false}
[2026-01-08 21:02:30] [INFO] Application initialized {"base_url":"http:\/\/www.ccgard.com","is_dev":false}
[2026-01-08 21:18:00] [INFO] Application initialized {"base_url":"http:\/\/www.ccgard.com","is_dev":false}
[2026-01-08 21:26:22] [INFO] Application initialized {"base_url":"http:\/\/ccgard.com","is_dev":false}
[2026-01-08 21:26:22] [INFO] Application initialized {"base_url":"http:\/\/ccgard.com","is_dev":false}
[2026-01-08 22:44:54] [INFO] Application initialized {"base_url":"https:\/\/ccgard.com","is_dev":false}
[2026-01-08 22:47:10] [INFO] Application initialized {"base_url":"http:\/\/ccgard.com","is_dev":false}
[2026-01-08 22:48:17] [INFO] Application initialized {"base_url":"https:\/\/ccgard.com","is_dev":false}
[2026-01-09 03:14:25] [INFO] Application initialized {"base_url":"http:\/\/www.ccgard.com","is_dev":false}
[2026-01-09 03:14:25] [INFO] Application initialized {"base_url":"http:\/\/www.ccgard.com","is_dev":false}
[2026-01-09 03:14:29] [INFO] Application initialized {"base_url":"http:\/\/www.ccgard.com","is_dev":false}
[2026-01-09 03:14:55] [INFO] Application initialized {"base_url":"https:\/\/www.ccgard.com","is_dev":false}
[2026-01-09 03:14:55] [INFO] Application initialized {"base_url":"https:\/\/www.ccgard.com","is_dev":false}
[2026-01-09 03:15:03] [INFO] Application initialized {"base_url":"https:\/\/www.ccgard.com","is_dev":false}
[2026-01-09 03:23:15] [INFO] Application initialized {"base_url":"http:\/\/www.ccgard.com","is_dev":false}
[2026-01-09 04:20:01] [INFO] Application initialized {"base_url":"http:\/\/ccgard.com","is_dev":false}
[2026-01-09 04:59:20] [INFO] Application initialized {"base_url":"https:\/\/ccgard.com","is_dev":false}
[2026-01-09 05:06:55] [INFO] Application initialized {"base_url":"http:\/\/ccgard.com","is_dev":false}
[2026-01-09 05:08:19] [INFO] Application initialized {"base_url":"http:\/\/www.ccgard.com","is_dev":false}
[2026-01-09 05:11:16] [INFO] Application initialized {"base_url":"http:\/\/ccgard.com","is_dev":false}
[2026-01-09 05:32:11] [INFO] Application initialized {"base_url":"https:\/\/ccgard.com","is_dev":false}
[2026-01-09 05:52:30] [INFO] Application initialized {"base_url":"http:\/\/ccgard.com","is_dev":false}
[2026-01-09 07:03:56] [INFO] Application initialized {"base_url":"http:\/\/www.ccgard.com","is_dev":false}
[2026-01-09 07:41:14] [INFO] Application initialized {"base_url":"https:\/\/ccgard.com","is_dev":false}
[2026-01-09 08:04:11] [INFO] Application initialized {"base_url":"http:\/\/ccgard.com","is_dev":false}
[2026-01-09 08:04:15] [INFO] Application initialized {"base_url":"http:\/\/ccgard.com","is_dev":false}
[2026-01-09 08:04:18] [INFO] Application initialized {"base_url":"http:\/\/www.ccgard.com","is_dev":false}
[2026-01-09 08:04:20] [INFO] Application initialized {"base_url":"http:\/\/www.ccgard.com","is_dev":false}
[2026-01-09 08:12:10] [INFO] Application initialized {"base_url":"http:\/\/www.ccgard.com","is_dev":false}
[2026-01-09 08:12:12] [INFO] Application initialized {"base_url":"http:\/\/www.ccgard.com","is_dev":false}
[2026-01-09 08:19:31] [INFO] Application initialized {"base_url":"https:\/\/ccgard.com","is_dev":false}
[2026-01-09 08:19:35] [INFO] Application initialized {"base_url":"https:\/\/ccgard.com","is_dev":false}
[2026-01-09 08:20:19] [INFO] Application initialized {"base_url":"https:\/\/ccgard.com","is_dev":false}
[2026-01-09 08:20:59] [INFO] Application initialized {"base_url":"https:\/\/ccgard.com","is_dev":false}
[2026-01-09 09:11:50] [INFO] Application initialized {"base_url":"https:\/\/ccgard.com","is_dev":false}
[2026-01-09 10:04:56] [INFO] Application initialized {"base_url":"http:\/\/www.ccgard.com","is_dev":false}
[2026-01-09 10:36:16] [INFO] Application initialized {"base_url":"https:\/\/ccgard.com","is_dev":false}
[2026-01-09 10:36:20] [INFO] Application initialized {"base_url":"https:\/\/ccgard.com","is_dev":false}
[2026-01-09 10:51:09] [INFO] Application initialized {"base_url":"http:\/\/www.ccgard.com","is_dev":false}
[2026-01-09 10:51:45] [INFO] Application initialized {"base_url":"http:\/\/mail.ccgard.com","is_dev":false}
[2026-01-09 11:27:49] [INFO] Application initialized {"base_url":"https:\/\/www.ccgard.com","is_dev":false}
[2026-01-09 11:47:05] [INFO] Application initialized {"base_url":"http:\/\/www.ccgard.com","is_dev":false}
[2026-01-09 12:04:22] [INFO] Application initialized {"base_url":"http:\/\/ccgard.com","is_dev":false}
[2026-01-09 12:36:22] [INFO] Application initialized {"base_url":"http:\/\/ccgard.com","is_dev":false}
[2026-01-09 13:04:53] [INFO] Application initialized {"base_url":"https:\/\/ccgard.com","is_dev":false}
[2026-01-09 13:39:23] [INFO] Application initialized {"base_url":"http:\/\/ccgard.com","is_dev":false}
[2026-01-09 13:55:58] [INFO] Application initialized {"base_url":"http:\/\/ccgard.com","is_dev":false}
[2026-01-09 14:01:21] [INFO] Application initialized {"base_url":"https:\/\/ccgard.com","is_dev":false}
[2026-01-09 14:18:09] [INFO] Application initialized {"base_url":"http:\/\/www.ccgard.com","is_dev":false}
[2026-01-09 14:26:23] [INFO] Application initialized {"base_url":"https:\/\/ccgard.com","is_dev":false}
[2026-01-09 14:31:50] [INFO] Application initialized {"base_url":"https:\/\/ccgard.com","is_dev":false}
[2026-01-09 14:48:47] [INFO] Application initialized {"base_url":"http:\/\/www.ccgard.com","is_dev":false}
[2026-01-09 15:14:35] [INFO] Application initialized {"base_url":"http:\/\/ccgard.com","is_dev":false}
[2026-01-09 15:19:21] [INFO] Application initialized {"base_url":"https:\/\/ccgard.com","is_dev":false}
[2026-01-09 15:28:31] [INFO] Application initialized {"base_url":"http:\/\/ccgard.com","is_dev":false}
[2026-01-09 15:28:31] [INFO] Application initialized {"base_url":"http:\/\/ccgard.com","is_dev":false}
[2026-01-09 15:31:45] [INFO] Application initialized {"base_url":"http:\/\/ccgard.com","is_dev":false}
[2026-01-09 15:39:08] [INFO] Application initialized {"base_url":"http:\/\/ccgard.com","is_dev":false}
[2026-01-09 15:39:10] [INFO] Application initialized {"base_url":"https:\/\/ccgard.com","is_dev":false}
[2026-01-09 16:05:05] [INFO] Application initialized {"base_url":"http:\/\/www.ccgard.com","is_dev":false}
[2026-01-09 16:05:11] [INFO] Application initialized {"base_url":"http:\/\/ccgard.com","is_dev":false}
[2026-01-09 16:08:36] [INFO] Application initialized {"base_url":"http:\/\/ccgard.com","is_dev":false}
[2026-01-09 16:08:36] [INFO] Application initialized {"base_url":"https:\/\/ccgard.com","is_dev":false}
[2026-01-09 17:49:18] [INFO] Application initialized {"base_url":"http:\/\/ccgard.com","is_dev":false}
[2026-01-09 18:42:48] [INFO] Application initialized {"base_url":"http:\/\/ccgard.com","is_dev":false}
[2026-01-09 19:04:31] [INFO] Application initialized {"base_url":"http:\/\/ccgard.com","is_dev":false}
[2026-01-09 20:06:27] [INFO] Application initialized {"base_url":"http:\/\/ccgard.com","is_dev":false}
[2026-01-09 21:03:57] [INFO] Application initialized {"base_url":"http:\/\/www.ccgard.com","is_dev":false}
[2026-01-09 22:05:35] [INFO] Application initialized {"base_url":"http:\/\/ccgard.com","is_dev":false}
[2026-01-09 22:05:40] [INFO] Application initialized {"base_url":"http:\/\/ccgard.com","is_dev":false}
[2026-01-09 22:05:48] [INFO] Application initialized {"base_url":"http:\/\/ccgard.com","is_dev":false}
[2026-01-09 22:05:51] [INFO] Application initialized {"base_url":"http:\/\/ccgard.com","is_dev":false}
[2026-01-09 22:11:04] [INFO] Application initialized {"base_url":"http:\/\/ccgard.com","is_dev":false}
[2026-01-09 23:46:23] [INFO] Application initialized {"base_url":"https:\/\/ccgard.com","is_dev":false}
[2026-01-09 23:49:20] [INFO] Application initialized {"base_url":"http:\/\/www.ccgard.com","is_dev":false}
[2026-01-10 00:05:47] [INFO] Application initialized {"base_url":"http:\/\/ccgard.com","is_dev":false}
[2026-01-10 01:46:56] [INFO] Application initialized {"base_url":"https:\/\/ccgard.com","is_dev":false}
[2026-01-10 02:04:39] [INFO] Application initialized {"base_url":"http:\/\/ccgard.com","is_dev":false}
[2026-01-10 02:16:39] [INFO] Application initialized {"base_url":"https:\/\/ccgard.com","is_dev":false}
[2026-01-10 03:07:16] [INFO] Application initialized {"base_url":"http:\/\/www.ccgard.com","is_dev":false}
[2026-01-10 03:22:07] [INFO] Application initialized {"base_url":"https:\/\/ccgard.com","is_dev":false}
[2026-01-10 03:40:36] [INFO] Application initialized {"base_url":"http:\/\/ccgard.com","is_dev":false}
[2026-01-10 04:15:46] [INFO] Application initialized {"base_url":"https:\/\/ccgard.com","is_dev":false}
[2026-01-10 04:18:57] [INFO] Application initialized {"base_url":"https:\/\/ccgard.com","is_dev":false}
[2026-01-10 04:45:13] [INFO] Application initialized {"base_url":"https:\/\/ccgard.com","is_dev":false}
[2026-01-10 06:06:08] [INFO] Application initialized {"base_url":"http:\/\/ccgard.com","is_dev":false}
[2026-01-10 07:03:37] [INFO] Application initialized {"base_url":"http:\/\/www.ccgard.com","is_dev":false}
[2026-01-10 07:04:56] [INFO] Application initialized {"base_url":"http:\/\/www.ccgard.com","is_dev":false}
[2026-01-10 08:20:33] [INFO] Application initialized {"base_url":"https:\/\/ccgard.com","is_dev":false}
[2026-01-10 08:21:04] [INFO] Application initialized {"base_url":"https:\/\/ccgard.com","is_dev":false}
[2026-01-10 08:37:31] [INFO] Application initialized {"base_url":"http:\/\/ccgard.com","is_dev":false}
[2026-01-10 08:57:11] [INFO] Application initialized {"base_url":"https:\/\/ccgard.com","is_dev":false}
[2026-01-10 08:57:11] [INFO] Application initialized {"base_url":"http:\/\/ccgard.com","is_dev":false}
[2026-01-10 09:00:06] [INFO] Application initialized {"base_url":"http:\/\/ccgard.com","is_dev":false}
[2026-01-10 09:27:21] [INFO] Application initialized {"base_url":"https:\/\/ccgard.com","is_dev":false}
[2026-01-10 10:04:25] [INFO] Application initialized {"base_url":"http:\/\/www.ccgard.com","is_dev":false}
[2026-01-10 10:11:29] [INFO] Application initialized {"base_url":"http:\/\/ccgard.com","is_dev":false}
[2026-01-10 11:02:40] [INFO] Application initialized {"base_url":"http:\/\/www.ccgard.com","is_dev":false}
[2026-01-10 12:40:29] [INFO] Application initialized {"base_url":"http:\/\/www.ccgard.com","is_dev":false}
[2026-01-10 14:14:08] [INFO] Application initialized {"base_url":"https:\/\/ccgard.com","is_dev":false}
[2026-01-10 14:14:16] [INFO] Application initialized {"base_url":"https:\/\/ccgard.com","is_dev":false}
[2026-01-10 14:14:47] [INFO] Application initialized {"base_url":"https:\/\/ccgard.com","is_dev":false}
[2026-01-10 14:14:58] [INFO] Application initialized {"base_url":"https:\/\/ccgard.com","is_dev":false}
[2026-01-10 14:14:59] [INFO] Application initialized {"base_url":"https:\/\/ccgard.com","is_dev":false}
[2026-01-10 14:15:32] [INFO] Application initialized {"base_url":"https:\/\/ccgard.com","is_dev":false}
[2026-01-10 14:15:40] [INFO] Application initialized {"base_url":"https:\/\/ccgard.com","is_dev":false}
[2026-01-10 14:16:05] [INFO] Application initialized {"base_url":"https:\/\/ccgard.com","is_dev":false}
[2026-01-10 14:19:29] [INFO] Application initialized {"base_url":"https:\/\/ccgard.com","is_dev":false}
[2026-01-10 15:31:05] [INFO] Application initialized {"base_url":"https:\/\/ccgard.com","is_dev":false}
[2026-01-10 17:39:44] [INFO] Application initialized {"base_url":"https:\/\/ccgard.com","is_dev":false}
[2026-01-10 18:38:40] [INFO] Application initialized {"base_url":"http:\/\/ccgard.com","is_dev":false}
[2026-01-10 19:15:24] [INFO] Application initialized {"base_url":"http:\/\/ccgard.com","is_dev":false}
[2026-01-10 20:05:12] [INFO] Application initialized {"base_url":"http:\/\/ccgard.com","is_dev":false}
[2026-01-10 20:31:27] [INFO] Application initialized {"base_url":"http:\/\/ccgard.com","is_dev":false}
[2026-01-10 21:03:51] [INFO] Application initialized {"base_url":"http:\/\/ccgard.com","is_dev":false}
[2026-01-10 21:03:55] [INFO] Application initialized {"base_url":"http:\/\/ccgard.com","is_dev":false}
[2026-01-10 21:05:23] [INFO] Application initialized {"base_url":"http:\/\/www.ccgard.com","is_dev":false}
[2026-01-10 21:44:27] [INFO] Application initialized {"base_url":"http:\/\/www.ccgard.com","is_dev":false}
[2026-01-11 00:41:25] [INFO] Application initialized {"base_url":"http:\/\/www.ccgard.com","is_dev":false}
[2026-01-11 05:24:17] [INFO] Application initialized {"base_url":"http:\/\/ccgard.com","is_dev":false}
[2026-01-11 05:52:10] [INFO] Application initialized {"base_url":"https:\/\/ccgard.com","is_dev":false}
[2026-01-11 05:59:51] [INFO] Application initialized {"base_url":"https:\/\/ccgard.com","is_dev":false}
[2026-01-11 06:01:47] [INFO] Application initialized {"base_url":"https:\/\/ccgard.com","is_dev":false}
[2026-01-11 06:20:02] [INFO] Application initialized {"base_url":"http:\/\/www.ccgard.com","is_dev":false}
[2026-01-11 10:04:00] [INFO] Application initialized {"base_url":"http:\/\/www.ccgard.com","is_dev":false}
[2026-01-11 12:57:49] [INFO] Application initialized {"base_url":"http:\/\/ccgard.com","is_dev":false}
[2026-01-11 13:19:16] [INFO] Application initialized {"base_url":"http:\/\/ccgard.com","is_dev":false}
[2026-01-11 13:19:16] [INFO] Application initialized {"base_url":"https:\/\/ccgard.com","is_dev":false}
[2026-01-11 13:26:09] [INFO] Application initialized {"base_url":"http:\/\/www.ccgard.com","is_dev":false}
[2026-01-11 13:51:58] [INFO] Application initialized {"base_url":"http:\/\/www.ccgard.com","is_dev":false}
[2026-01-11 14:34:06] [INFO] Application initialized {"base_url":"https:\/\/ccgard.com","is_dev":false}
[2026-01-11 15:21:38] [INFO] Application initialized {"base_url":"http:\/\/ccgard.com","is_dev":false}
[2026-01-11 15:21:40] [INFO] Application initialized {"base_url":"https:\/\/ccgard.com","is_dev":false}
[2026-01-11 15:26:22] [INFO] Application initialized {"base_url":"https:\/\/ccgard.com","is_dev":false}
[2026-01-11 15:26:44] [INFO] Application initialized {"base_url":"https:\/\/ccgard.com","is_dev":false}
[2026-01-11 15:29:08] [INFO] Application initialized {"base_url":"http:\/\/ccgard.com","is_dev":false}
[2026-01-11 15:30:13] [INFO] Application initialized {"base_url":"http:\/\/ccgard.com","is_dev":false}
[2026-01-11 16:08:29] [INFO] Application initialized {"base_url":"http:\/\/ccgard.com","is_dev":false}
[2026-01-11 19:05:51] [INFO] Application initialized {"base_url":"https:\/\/ccgard.com","is_dev":false}
[2026-01-11 19:48:45] [INFO] Application initialized {"base_url":"https:\/\/ccgard.com","is_dev":false}
[2026-01-11 20:02:56] [INFO] Application initialized {"base_url":"http:\/\/ccgard.com","is_dev":false}
[2026-01-11 20:37:21] [INFO] Application initialized {"base_url":"http:\/\/ccgard.com","is_dev":false}
[2026-01-11 21:02:49] [INFO] Application initialized {"base_url":"http:\/\/www.ccgard.com","is_dev":false}
[2026-01-11 21:20:14] [INFO] Application initialized {"base_url":"https:\/\/ccgard.com","is_dev":false}
[2026-01-11 21:33:36] [INFO] Application initialized {"base_url":"http:\/\/www.ccgard.com","is_dev":false}
[2026-01-11 22:49:18] [INFO] Application initialized {"base_url":"https:\/\/ccgard.com","is_dev":false}
[2026-01-11 23:47:04] [INFO] Application initialized {"base_url":"http:\/\/ccgard.com","is_dev":false}
[2026-01-11 23:53:39] [INFO] Application initialized {"base_url":"https:\/\/ccgard.com","is_dev":false}
[2026-01-12 00:17:04] [INFO] Application initialized {"base_url":"http:\/\/ccgard.com","is_dev":false}
[2026-01-12 02:00:51] [INFO] Application initialized {"base_url":"http:\/\/ccgard.com","is_dev":false}
[2026-01-12 02:14:12] [INFO] Application initialized {"base_url":"https:\/\/ccgard.com","is_dev":false}
[2026-01-12 03:20:49] [INFO] Application initialized {"base_url":"https:\/\/ccgard.com","is_dev":false}
[2026-01-12 03:44:05] [INFO] Application initialized {"base_url":"https:\/\/ccgard.com","is_dev":false}
[2026-01-12 03:57:03] [INFO] Application initialized {"base_url":"http:\/\/ccgard.com","is_dev":false}
[2026-01-12 04:43:54] [INFO] Application initialized {"base_url":"http:\/\/www.ccgard.com","is_dev":false}
[2026-01-12 07:55:34] [INFO] Application initialized {"base_url":"http:\/\/ccgard.com","is_dev":false}
[2026-01-12 08:20:35] [INFO] Application initialized {"base_url":"https:\/\/ccgard.com","is_dev":false}
[2026-01-12 08:21:10] [INFO] Application initialized {"base_url":"https:\/\/ccgard.com","is_dev":false}
[2026-01-12 09:31:21] [INFO] Application initialized {"base_url":"https:\/\/ccgard.com","is_dev":false}
[2026-01-12 10:03:12] [INFO] Application initialized {"base_url":"http:\/\/www.ccgard.com","is_dev":false}
[2026-01-12 10:53:57] [INFO] Application initialized {"base_url":"http:\/\/ccgard.com","is_dev":false}
[2026-01-12 11:14:55] [INFO] Application initialized {"base_url":"https:\/\/ccgard.com","is_dev":false}
[2026-01-12 11:36:44] [INFO] Application initialized {"base_url":"https:\/\/ccgard.com:443","is_dev":false}
[2026-01-12 11:36:45] [INFO] Application initialized {"base_url":"https:\/\/ccgard.com:443","is_dev":false}
[2026-01-12 11:43:13] [INFO] Application initialized {"base_url":"http:\/\/www.ccgard.com","is_dev":false}
[2026-01-12 12:01:38] [INFO] Application initialized {"base_url":"https:\/\/ccgard.com","is_dev":false}
[2026-01-12 12:33:10] [INFO] Application initialized {"base_url":"https:\/\/ccgard.com:443","is_dev":false}
[2026-01-12 12:33:13] [INFO] Application initialized {"base_url":"https:\/\/ccgard.com:443","is_dev":false}
[2026-01-12 12:42:43] [INFO] Application initialized {"base_url":"https:\/\/ccgard.com:443","is_dev":false}
[2026-01-12 12:42:43] [INFO] Application initialized {"base_url":"https:\/\/ccgard.com:443","is_dev":false}
[2026-01-12 12:44:51] [INFO] Application initialized {"base_url":"https:\/\/ccgard.com:443","is_dev":false}
[2026-01-12 12:44:51] [INFO] Application initialized {"base_url":"https:\/\/ccgard.com:443","is_dev":false}
[2026-01-12 13:23:59] [INFO] Application initialized {"base_url":"https:\/\/ccgard.com:443","is_dev":false}
[2026-01-12 13:24:00] [INFO] Application initialized {"base_url":"https:\/\/ccgard.com:443","is_dev":false}
[2026-01-12 13:32:47] [INFO] Application initialized {"base_url":"https:\/\/ccgard.com:443","is_dev":false}
[2026-01-12 13:32:47] [INFO] Application initialized {"base_url":"https:\/\/ccgard.com:443","is_dev":false}
[2026-01-12 13:37:24] [INFO] Application initialized {"base_url":"https:\/\/ccgard.com","is_dev":false}
[2026-01-12 13:39:51] [INFO] Application initialized {"base_url":"https:\/\/ccgard.com:443","is_dev":false}
[2026-01-12 13:39:52] [INFO] Application initialized {"base_url":"https:\/\/ccgard.com:443","is_dev":false}
[2026-01-12 13:44:12] [INFO] Application initialized {"base_url":"https:\/\/ccgard.com:443","is_dev":false}
[2026-01-12 13:44:13] [INFO] Application initialized {"base_url":"https:\/\/ccgard.com:443","is_dev":false}
[2026-01-12 13:58:43] [INFO] Application initialized {"base_url":"https:\/\/ccgard.com:443","is_dev":false}
[2026-01-12 13:58:44] [INFO] Application initialized {"base_url":"https:\/\/ccgard.com:443","is_dev":false}
[2026-01-12 14:02:34] [INFO] Application initialized {"base_url":"https:\/\/ccgard.com","is_dev":false}
[2026-01-12 14:03:21] [INFO] Application initialized {"base_url":"https:\/\/ccgard.com","is_dev":false}
[2026-01-12 14:06:55] [INFO] Application initialized {"base_url":"https:\/\/ccgard.com","is_dev":false}
[2026-01-12 14:21:29] [INFO] Application initialized {"base_url":"http:\/\/www.ccgard.com","is_dev":false}
[2026-01-12 14:32:35] [INFO] Application initialized {"base_url":"https:\/\/ccgard.com:443","is_dev":false}
[2026-01-12 14:32:36] [INFO] Application initialized {"base_url":"https:\/\/ccgard.com:443","is_dev":false}
[2026-01-12 14:38:25] [INFO] Application initialized {"base_url":"https:\/\/ccgard.com","is_dev":false}
[2026-01-12 14:48:28] [INFO] Application initialized {"base_url":"https:\/\/ccgard.com:443","is_dev":false}
[2026-01-12 14:48:29] [INFO] Application initialized {"base_url":"https:\/\/ccgard.com:443","is_dev":false}
[2026-01-12 15:09:35] [INFO] Application initialized {"base_url":"http:\/\/ccgard.com","is_dev":false}
[2026-01-12 15:09:35] [INFO] Application initialized {"base_url":"https:\/\/ccgard.com","is_dev":false}
[2026-01-12 15:09:46] [INFO] Application initialized {"base_url":"https:\/\/ccgard.com:443","is_dev":false}
[2026-01-12 15:09:46] [INFO] Application initialized {"base_url":"https:\/\/ccgard.com:443","is_dev":false}
[2026-01-12 15:30:59] [INFO] Application initialized {"base_url":"http:\/\/ccgard.com","is_dev":false}
[2026-01-12 15:32:02] [INFO] Application initialized {"base_url":"http:\/\/ccgard.com","is_dev":false}
[2026-01-12 15:32:05] [INFO] Application initialized {"base_url":"http:\/\/ccgard.com","is_dev":false}
[2026-01-12 15:42:57] [INFO] Application initialized {"base_url":"https:\/\/ccgard.com","is_dev":false}
[2026-01-12 15:46:38] [INFO] Application initialized {"base_url":"http:\/\/ccgard.com","is_dev":false}
[2026-01-12 15:50:27] [INFO] Application initialized {"base_url":"https:\/\/ccgard.com:443","is_dev":false}
[2026-01-12 15:50:28] [INFO] Application initialized {"base_url":"https:\/\/ccgard.com:443","is_dev":false}
[2026-01-12 16:26:29] [INFO] Application initialized {"base_url":"https:\/\/ccgard.com:443","is_dev":false}
[2026-01-12 16:26:30] [INFO] Application initialized {"base_url":"https:\/\/ccgard.com:443","is_dev":false}
[2026-01-12 16:26:49] [INFO] Application initialized {"base_url":"https:\/\/ccgard.com:443","is_dev":false}
[2026-01-12 16:26:49] [INFO] Application initialized {"base_url":"https:\/\/ccgard.com:443","is_dev":false}
[2026-01-12 16:56:34] [INFO] Application initialized {"base_url":"https:\/\/ccgard.com:443","is_dev":false}
[2026-01-12 16:56:34] [INFO] Application initialized {"base_url":"https:\/\/ccgard.com:443","is_dev":false}
[2026-01-12 17:01:00] [INFO] Application initialized {"base_url":"https:\/\/ccgard.com:443","is_dev":false}
[2026-01-12 17:01:01] [INFO] Application initialized {"base_url":"https:\/\/ccgard.com:443","is_dev":false}
[2026-01-12 17:08:32] [INFO] Application initialized {"base_url":"https:\/\/ccgard.com:443","is_dev":false}
[2026-01-12 17:08:33] [INFO] Application initialized {"base_url":"https:\/\/ccgard.com:443","is_dev":false}
[2026-01-12 17:16:38] [INFO] Application initialized {"base_url":"https:\/\/ccgard.com:443","is_dev":false}
[2026-01-12 17:16:39] [INFO] Application initialized {"base_url":"https:\/\/ccgard.com:443","is_dev":false}
[2026-01-12 17:17:45] [INFO] Application initialized {"base_url":"https:\/\/ccgard.com:443","is_dev":false}
[2026-01-12 17:41:48] [INFO] Application initialized {"base_url":"https:\/\/ccgard.com:443","is_dev":false}
[2026-01-12 17:41:49] [INFO] Application initialized {"base_url":"https:\/\/ccgard.com:443","is_dev":false}
[2026-01-12 17:57:21] [INFO] Application initialized {"base_url":"http:\/\/ccgard.com","is_dev":false}
[2026-01-12 18:12:01] [INFO] Application initialized {"base_url":"https:\/\/ccgard.com:443","is_dev":false}
[2026-01-12 18:12:02] [INFO] Application initialized {"base_url":"https:\/\/ccgard.com:443","is_dev":false}
[2026-01-12 18:27:17] [INFO] Application initialized {"base_url":"https:\/\/ccgard.com:443","is_dev":false}
[2026-01-12 18:27:17] [INFO] Application initialized {"base_url":"https:\/\/ccgard.com:443","is_dev":false}
[2026-01-12 18:30:30] [INFO] Application initialized {"base_url":"https:\/\/ccgard.com:443","is_dev":false}
[2026-01-12 18:30:30] [INFO] Application initialized {"base_url":"https:\/\/ccgard.com:443","is_dev":false}
[2026-01-12 18:40:56] [INFO] Application initialized {"base_url":"https:\/\/ccgard.com:443","is_dev":false}
[2026-01-12 18:40:57] [INFO] Application initialized {"base_url":"https:\/\/ccgard.com:443","is_dev":false}
[2026-01-12 18:43:14] [INFO] Application initialized {"base_url":"http:\/\/www.ccgard.com","is_dev":false}
[2026-01-12 18:52:03] [INFO] Application initialized {"base_url":"https:\/\/ccgard.com:443","is_dev":false}
[2026-01-12 18:52:03] [INFO] Application initialized {"base_url":"https:\/\/ccgard.com:443","is_dev":false}
[2026-01-12 18:55:59] [INFO] Application initialized {"base_url":"https:\/\/ccgard.com:443","is_dev":false}
[2026-01-12 18:56:00] [INFO] Application initialized {"base_url":"https:\/\/ccgard.com:443","is_dev":false}
[2026-01-12 19:14:22] [INFO] Application initialized {"base_url":"https:\/\/ccgard.com:443","is_dev":false}
[2026-01-12 19:14:23] [INFO] Application initialized {"base_url":"https:\/\/ccgard.com:443","is_dev":false}
[2026-01-12 19:43:59] [INFO] Application initialized {"base_url":"https:\/\/ccgard.com:443","is_dev":false}
[2026-01-12 19:44:01] [INFO] Application initialized {"base_url":"https:\/\/ccgard.com:443","is_dev":false}
[2026-01-12 19:45:55] [INFO] Application initialized {"base_url":"https:\/\/ccgard.com:443","is_dev":false}
[2026-01-12 19:45:56] [INFO] Application initialized {"base_url":"https:\/\/ccgard.com:443","is_dev":false}
[2026-01-12 19:46:37] [INFO] Application initialized {"base_url":"http:\/\/ccgard.com","is_dev":false}
[2026-01-12 19:51:20] [INFO] Application initialized {"base_url":"https:\/\/ccgard.com:443","is_dev":false}
[2026-01-12 19:51:20] [INFO] Application initialized {"base_url":"https:\/\/ccgard.com:443","is_dev":false}
[2026-01-12 19:51:54] [INFO] Application initialized {"base_url":"http:\/\/ccgard.com","is_dev":false}
[2026-01-12 19:51:55] [INFO] Application initialized {"base_url":"https:\/\/ccgard.com","is_dev":false}
[2026-01-12 19:53:08] [INFO] Application initialized {"base_url":"https:\/\/ccgard.com:443","is_dev":false}
[2026-01-12 19:53:09] [INFO] Application initialized {"base_url":"https:\/\/ccgard.com:443","is_dev":false}
[2026-01-12 20:03:30] [INFO] Application initialized {"base_url":"http:\/\/ccgard.com","is_dev":false}
[2026-01-12 20:11:44] [INFO] Application initialized {"base_url":"https:\/\/ccgard.com:443","is_dev":false}
[2026-01-12 20:11:47] [INFO] Application initialized {"base_url":"https:\/\/ccgard.com:443","is_dev":false}
[2026-01-12 20:12:14] [INFO] Application initialized {"base_url":"https:\/\/ccgard.com:443","is_dev":false}
[2026-01-12 20:12:15] [INFO] Application initialized {"base_url":"https:\/\/ccgard.com:443","is_dev":false}
[2026-01-12 20:27:34] [INFO] Application initialized {"base_url":"https:\/\/ccgard.com","is_dev":false}
[2026-01-12 20:34:50] [INFO] Application initialized {"base_url":"https:\/\/ccgard.com:443","is_dev":false}
[2026-01-12 20:34:51] [INFO] Application initialized {"base_url":"https:\/\/ccgard.com:443","is_dev":false}
[2026-01-12 20:52:01] [INFO] Application initialized {"base_url":"https:\/\/ccgard.com:443","is_dev":false}
[2026-01-12 20:52:02] [INFO] Application initialized {"base_url":"https:\/\/ccgard.com:443","is_dev":false}
[2026-01-12 20:57:26] [INFO] Application initialized {"base_url":"https:\/\/ccgard.com:443","is_dev":false}
[2026-01-12 20:57:27] [INFO] Application initialized {"base_url":"https:\/\/ccgard.com:443","is_dev":false}
[2026-01-12 21:00:53] [INFO] Application initialized {"base_url":"https:\/\/ccgard.com:443","is_dev":false}
[2026-01-12 21:00:53] [INFO] Application initialized {"base_url":"https:\/\/ccgard.com:443","is_dev":false}
[2026-01-12 21:02:21] [INFO] Application initialized {"base_url":"http:\/\/www.ccgard.com","is_dev":false}
[2026-01-12 21:08:07] [INFO] Application initialized {"base_url":"https:\/\/ccgard.com:443","is_dev":false}
[2026-01-12 21:08:11] [INFO] Application initialized {"base_url":"https:\/\/ccgard.com:443","is_dev":false}
[2026-01-12 21:09:07] [INFO] Application initialized {"base_url":"https:\/\/ccgard.com","is_dev":false}
[2026-01-12 21:15:09] [INFO] Application initialized {"base_url":"https:\/\/ccgard.com:443","is_dev":false}
[2026-01-12 21:15:10] [INFO] Application initialized {"base_url":"https:\/\/ccgard.com:443","is_dev":false}
[2026-01-12 22:13:53] [INFO] Application initialized {"base_url":"https:\/\/ccgard.com:443","is_dev":false}
[2026-01-12 22:13:54] [INFO] Application initialized {"base_url":"https:\/\/ccgard.com:443","is_dev":false}
[2026-01-12 22:32:55] [INFO] Application initialized {"base_url":"https:\/\/ccgard.com:443","is_dev":false}
[2026-01-12 22:33:02] [INFO] Application initialized {"base_url":"https:\/\/ccgard.com:443","is_dev":false}
[2026-01-12 22:33:07] [INFO] Application initialized {"base_url":"https:\/\/ccgard.com:443","is_dev":false}
[2026-01-12 22:33:13] [INFO] Application initialized {"base_url":"https:\/\/ccgard.com:443","is_dev":false}
[2026-01-12 22:39:30] [INFO] Application initialized {"base_url":"https:\/\/ccgard.com:443","is_dev":false}
[2026-01-12 22:39:31] [INFO] Application initialized {"base_url":"https:\/\/ccgard.com:443","is_dev":false}
[2026-01-12 22:46:10] [INFO] Application initialized {"base_url":"https:\/\/ccgard.com:443","is_dev":false}
[2026-01-12 22:46:10] [INFO] Application initialized {"base_url":"https:\/\/ccgard.com:443","is_dev":false}
[2026-01-12 22:53:04] [INFO] Application initialized {"base_url":"https:\/\/www.ccgard.com","is_dev":false}
[2026-01-12 22:57:50] [INFO] Application initialized {"base_url":"https:\/\/ccgard.com:443","is_dev":false}
[2026-01-12 22:57:51] [INFO] Application initialized {"base_url":"https:\/\/ccgard.com:443","is_dev":false}
[2026-01-12 22:58:21] [INFO] Application initialized {"base_url":"https:\/\/ccgard.com","is_dev":false}
[2026-01-12 23:08:25] [INFO] Application initialized {"base_url":"https:\/\/ccgard.com:443","is_dev":false}
[2026-01-12 23:08:26] [INFO] Application initialized {"base_url":"https:\/\/ccgard.com:443","is_dev":false}
[2026-01-12 23:18:28] [INFO] Application initialized {"base_url":"https:\/\/ccgard.com","is_dev":false}
[2026-01-12 23:22:52] [INFO] Application initialized {"base_url":"https:\/\/ccgard.com","is_dev":false}
[2026-01-12 23:49:57] [INFO] Application initialized {"base_url":"https:\/\/ccgard.com","is_dev":false}
[2026-01-13 00:14:09] [INFO] Application initialized {"base_url":"https:\/\/ccgard.com:443","is_dev":false}
[2026-01-13 00:14:10] [INFO] Application initialized {"base_url":"https:\/\/ccgard.com:443","is_dev":false}
[2026-01-13 00:19:43] [INFO] Application initialized {"base_url":"https:\/\/ccgard.com:443","is_dev":false}
[2026-01-13 00:19:43] [INFO] Application initialized {"base_url":"https:\/\/ccgard.com:443","is_dev":false}
[2026-01-13 00:34:40] [INFO] Application initialized {"base_url":"https:\/\/ccgard.com:443","is_dev":false}
[2026-01-13 00:34:41] [INFO] Application initialized {"base_url":"https:\/\/ccgard.com:443","is_dev":false}
[2026-01-13 01:12:08] [INFO] Application initialized {"base_url":"http:\/\/ccgard.com","is_dev":false}
[2026-01-13 01:22:13] [INFO] Application initialized {"base_url":"https:\/\/ccgard.com:443","is_dev":false}
[2026-01-13 01:22:14] [INFO] Application initialized {"base_url":"https:\/\/ccgard.com:443","is_dev":false}
[2026-01-13 01:31:17] [INFO] Application initialized {"base_url":"https:\/\/ccgard.com:443","is_dev":false}
[2026-01-13 01:31:24] [INFO] Application initialized {"base_url":"https:\/\/ccgard.com:443","is_dev":false}
[2026-01-13 01:59:25] [INFO] Application initialized {"base_url":"http:\/\/www.ccgard.com","is_dev":false}
[2026-01-13 02:10:18] [INFO] Application initialized {"base_url":"https:\/\/ccgard.com:443","is_dev":false}
[2026-01-13 02:10:18] [INFO] Application initialized {"base_url":"https:\/\/ccgard.com:443","is_dev":false}
[2026-01-13 02:20:02] [INFO] Application initialized {"base_url":"https:\/\/ccgard.com:443","is_dev":false}
[2026-01-13 02:20:04] [INFO] Application initialized {"base_url":"https:\/\/ccgard.com:443","is_dev":false}
[2026-01-13 02:30:46] [INFO] Application initialized {"base_url":"http:\/\/www.ccgard.com","is_dev":false}
[2026-01-13 03:02:03] [INFO] Application initialized {"base_url":"https:\/\/ccgard.com:443","is_dev":false}
[2026-01-13 03:02:04] [INFO] Application initialized {"base_url":"https:\/\/ccgard.com:443","is_dev":false}
[2026-01-13 03:09:10] [INFO] Application initialized {"base_url":"https:\/\/ccgard.com:443","is_dev":false}
[2026-01-13 03:09:16] [INFO] Application initialized {"base_url":"https:\/\/ccgard.com:443","is_dev":false}
[2026-01-13 03:09:21] [INFO] Application initialized {"base_url":"https:\/\/ccgard.com:443","is_dev":false}
[2026-01-13 03:09:23] [INFO] Application initialized {"base_url":"https:\/\/ccgard.com:443","is_dev":false}
[2026-01-13 03:20:52] [INFO] Application initialized {"base_url":"https:\/\/ccgard.com:443","is_dev":false}
[2026-01-13 03:20:53] [INFO] Application initialized {"base_url":"https:\/\/ccgard.com:443","is_dev":false}
[2026-01-13 03:29:58] [INFO] Application initialized {"base_url":"https:\/\/ccgard.com:443","is_dev":false}
[2026-01-13 03:30:04] [INFO] Application initialized {"base_url":"https:\/\/ccgard.com:443","is_dev":false}
[2026-01-13 03:42:18] [INFO] Application initialized {"base_url":"https:\/\/ccgard.com:443","is_dev":false}
[2026-01-13 03:42:23] [INFO] Application initialized {"base_url":"https:\/\/ccgard.com:443","is_dev":false}
[2026-01-13 04:02:42] [INFO] Application initialized {"base_url":"https:\/\/ccgard.com:443","is_dev":false}
[2026-01-13 04:02:44] [INFO] Application initialized {"base_url":"https:\/\/ccgard.com:443","is_dev":false}
[2026-01-13 04:03:42] [INFO] Application initialized {"base_url":"https:\/\/ccgard.com","is_dev":false}
[2026-01-13 04:04:08] [INFO] Application initialized {"base_url":"https:\/\/ccgard.com:443","is_dev":false}
[2026-01-13 04:04:10] [INFO] Application initialized {"base_url":"https:\/\/ccgard.com:443","is_dev":false}
[2026-01-13 04:04:44] [INFO] Application initialized {"base_url":"https:\/\/ccgard.com:443","is_dev":false}
[2026-01-13 04:04:45] [INFO] Application initialized {"base_url":"https:\/\/ccgard.com:443","is_dev":false}
[2026-01-13 04:26:00] [INFO] Application initialized {"base_url":"https:\/\/ccgard.com:443","is_dev":false}
[2026-01-13 04:26:01] [INFO] Application initialized {"base_url":"https:\/\/ccgard.com:443","is_dev":false}
[2026-01-13 04:26:06] [INFO] Application initialized {"base_url":"https:\/\/ccgard.com:443","is_dev":false}
[2026-01-13 04:26:10] [INFO] Application initialized {"base_url":"https:\/\/ccgard.com:443","is_dev":false}
[2026-01-13 04:34:43] [INFO] Application initialized {"base_url":"https:\/\/ccgard.com:443","is_dev":false}
[2026-01-13 04:34:46] [INFO] Application initialized {"base_url":"https:\/\/ccgard.com:443","is_dev":false}
[2026-01-13 05:15:31] [INFO] Application initialized {"base_url":"https:\/\/ccgard.com:443","is_dev":false}
[2026-01-13 05:15:32] [INFO] Application initialized {"base_url":"https:\/\/ccgard.com:443","is_dev":false}
[2026-01-13 05:32:17] [INFO] Application initialized {"base_url":"https:\/\/ccgard.com:443","is_dev":false}
[2026-01-13 05:32:20] [INFO] Application initialized {"base_url":"https:\/\/ccgard.com:443","is_dev":false}
[2026-01-13 05:47:15] [INFO] Application initialized {"base_url":"https:\/\/ccgard.com:443","is_dev":false}
[2026-01-13 05:47:16] [INFO] Application initialized {"base_url":"https:\/\/ccgard.com:443","is_dev":false}
[2026-01-13 06:34:15] [INFO] Application initialized {"base_url":"https:\/\/ccgard.com:443","is_dev":false}
[2026-01-13 06:34:16] [INFO] Application initialized {"base_url":"https:\/\/ccgard.com:443","is_dev":false}
[2026-01-13 07:19:27] [INFO] Application initialized {"base_url":"https:\/\/ccgard.com:443","is_dev":false}
[2026-01-13 07:19:27] [INFO] Application initialized {"base_url":"https:\/\/ccgard.com:443","is_dev":false}
[2026-01-13 07:30:40] [INFO] Application initialized {"base_url":"https:\/\/ccgard.com:443","is_dev":false}
[2026-01-13 07:30:45] [INFO] Application initialized {"base_url":"https:\/\/ccgard.com:443","is_dev":false}
[2026-01-13 07:55:19] [INFO] Application initialized {"base_url":"https:\/\/ccgard.com:443","is_dev":false}
[2026-01-13 07:55:29] [INFO] Application initialized {"base_url":"https:\/\/ccgard.com:443","is_dev":false}
[2026-01-13 08:03:28] [INFO] Application initialized {"base_url":"https:\/\/ccgard.com:443","is_dev":false}
[2026-01-13 08:03:31] [INFO] Application initialized {"base_url":"https:\/\/ccgard.com:443","is_dev":false}
[2026-01-13 08:11:56] [INFO] Application initialized {"base_url":"http:\/\/ccgard.com","is_dev":false}
[2026-01-13 08:15:03] [INFO] Application initialized {"base_url":"https:\/\/ccgard.com:443","is_dev":false}
[2026-01-13 08:15:07] [INFO] Application initialized {"base_url":"https:\/\/ccgard.com:443","is_dev":false}
[2026-01-13 08:24:28] [INFO] Application initialized {"base_url":"https:\/\/ccgard.com:443","is_dev":false}
[2026-01-13 08:24:34] [INFO] Application initialized {"base_url":"https:\/\/ccgard.com:443","is_dev":false}
[2026-01-13 08:40:43] [INFO] Application initialized {"base_url":"https:\/\/ccgard.com:443","is_dev":false}
[2026-01-13 08:43:27] [INFO] Application initialized {"base_url":"https:\/\/ccgard.com:443","is_dev":false}
[2026-01-13 08:43:33] [INFO] Application initialized {"base_url":"https:\/\/ccgard.com:443","is_dev":false}
[2026-01-13 09:02:20] [INFO] Application initialized {"base_url":"http:\/\/www.ccgard.com","is_dev":false}
[2026-01-13 09:11:03] [INFO] Application initialized {"base_url":"https:\/\/ccgard.com:443","is_dev":false}
[2026-01-13 09:11:10] [INFO] Application initialized {"base_url":"https:\/\/ccgard.com","is_dev":false}
[2026-01-13 09:16:12] [INFO] Application initialized {"base_url":"https:\/\/ccgard.com:443","is_dev":false}
[2026-01-13 09:16:13] [INFO] Application initialized {"base_url":"https:\/\/ccgard.com:443","is_dev":false}
[2026-01-13 09:28:32] [INFO] Application initialized {"base_url":"https:\/\/ccgard.com:443","is_dev":false}
[2026-01-13 09:28:33] [INFO] Application initialized {"base_url":"https:\/\/ccgard.com:443","is_dev":false}
[2026-01-13 09:31:35] [INFO] Application initialized {"base_url":"https:\/\/ccgard.com:443","is_dev":false}
[2026-01-13 09:31:35] [INFO] Application initialized {"base_url":"https:\/\/ccgard.com:443","is_dev":false}
[2026-01-13 09:51:17] [INFO] Application initialized {"base_url":"https:\/\/ccgard.com:443","is_dev":false}
[2026-01-13 09:51:18] [INFO] Application initialized {"base_url":"https:\/\/ccgard.com:443","is_dev":false}
[2026-01-13 09:56:41] [INFO] Application initialized {"base_url":"https:\/\/ccgard.com:443","is_dev":false}
[2026-01-13 09:56:42] [INFO] Application initialized {"base_url":"https:\/\/ccgard.com:443","is_dev":false}
[2026-01-13 09:59:23] [INFO] Application initialized {"base_url":"https:\/\/ccgard.com:443","is_dev":false}
[2026-01-13 09:59:24] [INFO] Application initialized {"base_url":"https:\/\/ccgard.com:443","is_dev":false}
[2026-01-13 10:00:15] [INFO] Application initialized {"base_url":"https:\/\/ccgard.com:443","is_dev":false}
[2026-01-13 10:00:20] [INFO] Application initialized {"base_url":"https:\/\/ccgard.com:443","is_dev":false}
[2026-01-13 10:03:35] [INFO] Application initialized {"base_url":"http:\/\/www.ccgard.com","is_dev":false}
[2026-01-13 10:17:43] [INFO] Application initialized {"base_url":"https:\/\/ccgard.com:443","is_dev":false}
[2026-01-13 10:17:47] [INFO] Application initialized {"base_url":"https:\/\/ccgard.com:443","is_dev":false}
[2026-01-13 10:44:41] [INFO] Application initialized {"base_url":"https:\/\/ccgard.com:443","is_dev":false}
[2026-01-13 10:44:42] [INFO] Application initialized {"base_url":"https:\/\/ccgard.com:443","is_dev":false}
[2026-01-13 10:53:01] [INFO] Application initialized {"base_url":"https:\/\/ccgard.com:443","is_dev":false}
[2026-01-13 10:53:04] [INFO] Application initialized {"base_url":"https:\/\/ccgard.com:443","is_dev":false}
[2026-01-13 11:14:51] [INFO] Application initialized {"base_url":"https:\/\/www.ccgard.com","is_dev":false}
[2026-01-13 11:21:08] [INFO] Application initialized {"base_url":"https:\/\/ccgard.com:443","is_dev":false}
[2026-01-13 11:21:09] [INFO] Application initialized {"base_url":"https:\/\/ccgard.com:443","is_dev":false}
[2026-01-13 11:30:36] [INFO] Application initialized {"base_url":"http:\/\/ccgard.com","is_dev":false}
[2026-01-13 12:04:56] [INFO] Application initialized {"base_url":"http:\/\/ccgard.com","is_dev":false}
[2026-01-13 12:04:56] [INFO] Application initialized {"base_url":"https:\/\/ccgard.com","is_dev":false}
[2026-01-13 12:07:46] [INFO] Application initialized {"base_url":"https:\/\/www.ccgard.com","is_dev":false}
[2026-01-13 12:21:50] [INFO] Application initialized {"base_url":"https:\/\/ccgard.com:443","is_dev":false}
[2026-01-13 12:21:52] [INFO] Application initialized {"base_url":"https:\/\/ccgard.com:443","is_dev":false}
[2026-01-13 12:25:35] [INFO] Application initialized {"base_url":"https:\/\/ccgard.com:443","is_dev":false}
[2026-01-13 12:25:35] [INFO] Application initialized {"base_url":"https:\/\/ccgard.com:443","is_dev":false}
[2026-01-13 12:31:31] [INFO] Application initialized {"base_url":"https:\/\/ccgard.com:443","is_dev":false}
[2026-01-13 12:31:32] [INFO] Application initialized {"base_url":"https:\/\/ccgard.com:443","is_dev":false}
[2026-01-13 12:36:35] [INFO] Application initialized {"base_url":"https:\/\/ccgard.com:443","is_dev":false}
[2026-01-13 12:36:49] [INFO] Application initialized {"base_url":"https:\/\/ccgard.com:443","is_dev":false}
[2026-01-13 12:47:59] [INFO] Application initialized {"base_url":"https:\/\/ccgard.com:443","is_dev":false}
[2026-01-13 12:48:00] [INFO] Application initialized {"base_url":"https:\/\/ccgard.com:443","is_dev":false}
[2026-01-13 13:01:44] [INFO] Application initialized {"base_url":"https:\/\/ccgard.com:443","is_dev":false}
[2026-01-13 13:01:45] [INFO] Application initialized {"base_url":"https:\/\/ccgard.com:443","is_dev":false}
[2026-01-13 13:29:42] [INFO] Application initialized {"base_url":"https:\/\/ccgard.com:443","is_dev":false}
[2026-01-13 13:29:43] [INFO] Application initialized {"base_url":"https:\/\/ccgard.com:443","is_dev":false}
[2026-01-13 13:35:30] [INFO] Application initialized {"base_url":"https:\/\/ccgard.com:443","is_dev":false}
[2026-01-13 13:35:32] [INFO] Application initialized {"base_url":"https:\/\/ccgard.com:443","is_dev":false}
[2026-01-13 13:41:24] [INFO] Application initialized {"base_url":"https:\/\/ccgard.com:443","is_dev":false}
[2026-01-13 13:41:24] [INFO] Application initialized {"base_url":"https:\/\/ccgard.com:443","is_dev":false}
[2026-01-13 13:49:16] [INFO] Application initialized {"base_url":"https:\/\/ccgard.com:443","is_dev":false}
[2026-01-13 13:49:17] [INFO] Application initialized {"base_url":"https:\/\/ccgard.com:443","is_dev":false}
[2026-01-13 13:55:28] [INFO] Application initialized {"base_url":"http:\/\/ccgard.com","is_dev":false}
[2026-01-13 13:55:38] [INFO] Application initialized {"base_url":"http:\/\/ccgard.com","is_dev":false}
[2026-01-13 13:58:29] [INFO] Application initialized {"base_url":"https:\/\/ccgard.com:443","is_dev":false}
[2026-01-13 13:58:30] [INFO] Application initialized {"base_url":"https:\/\/ccgard.com:443","is_dev":false}
[2026-01-13 14:00:39] [INFO] Application initialized {"base_url":"https:\/\/ccgard.com:443","is_dev":false}
[2026-01-13 14:00:40] [INFO] Application initialized {"base_url":"https:\/\/ccgard.com:443","is_dev":false}
[2026-01-13 14:04:03] [INFO] Application initialized {"base_url":"https:\/\/ccgard.com:443","is_dev":false}
[2026-01-13 14:04:04] [INFO] Application initialized {"base_url":"https:\/\/ccgard.com:443","is_dev":false}
[2026-01-13 14:11:54] [INFO] Application initialized {"base_url":"https:\/\/ccgard.com:443","is_dev":false}
[2026-01-13 14:11:55] [INFO] Application initialized {"base_url":"https:\/\/ccgard.com:443","is_dev":false}
[2026-01-13 14:34:14] [INFO] Application initialized {"base_url":"https:\/\/ccgard.com:443","is_dev":false}
[2026-01-13 14:34:15] [INFO] Application initialized {"base_url":"https:\/\/ccgard.com:443","is_dev":false}
[2026-01-13 14:38:19] [INFO] Application initialized {"base_url":"https:\/\/ccgard.com:443","is_dev":false}
[2026-01-13 14:38:20] [INFO] Application initialized {"base_url":"https:\/\/ccgard.com:443","is_dev":false}
[2026-01-13 14:38:37] [INFO] Application initialized {"base_url":"https:\/\/ccgard.com:443","is_dev":false}
[2026-01-13 14:38:37] [INFO] Application initialized {"base_url":"https:\/\/ccgard.com:443","is_dev":false}
[2026-01-13 14:44:24] [INFO] Application initialized {"base_url":"http:\/\/ccgard.com","is_dev":false}
[2026-01-13 14:44:27] [INFO] Application initialized {"base_url":"https:\/\/ccgard.com","is_dev":false}
[2026-01-13 14:50:18] [INFO] Application initialized {"base_url":"http:\/\/ccgard.com","is_dev":false}
[2026-01-13 14:52:02] [INFO] Application initialized {"base_url":"https:\/\/ccgard.com:443","is_dev":false}
[2026-01-13 14:52:03] [INFO] Application initialized {"base_url":"https:\/\/ccgard.com:443","is_dev":false}
[2026-01-13 15:02:17] [INFO] Application initialized {"base_url":"http:\/\/www.ccgard.com","is_dev":false}
[2026-01-13 15:06:33] [INFO] Application initialized {"base_url":"https:\/\/ccgard.com:443","is_dev":false}
[2026-01-13 15:06:34] [INFO] Application initialized {"base_url":"https:\/\/ccgard.com:443","is_dev":false}
[2026-01-13 15:09:42] [INFO] Application initialized {"base_url":"https:\/\/ccgard.com:443","is_dev":false}
[2026-01-13 15:09:42] [INFO] Application initialized {"base_url":"https:\/\/ccgard.com:443","is_dev":false}
[2026-01-13 15:18:10] [INFO] Application initialized {"base_url":"https:\/\/ccgard.com:443","is_dev":false}
[2026-01-13 15:18:11] [INFO] Application initialized {"base_url":"https:\/\/ccgard.com:443","is_dev":false}
[2026-01-13 15:27:48] [INFO] Application initialized {"base_url":"https:\/\/ccgard.com:443","is_dev":false}
[2026-01-13 15:27:48] [INFO] Application initialized {"base_url":"https:\/\/ccgard.com:443","is_dev":false}
[2026-01-13 15:32:22] [INFO] Application initialized {"base_url":"http:\/\/ccgard.com","is_dev":false}
[2026-01-13 15:36:31] [INFO] Application initialized {"base_url":"https:\/\/ccgard.com:443","is_dev":false}
[2026-01-13 15:36:32] [INFO] Application initialized {"base_url":"https:\/\/ccgard.com:443","is_dev":false}
[2026-01-13 15:38:32] [INFO] Application initialized {"base_url":"https:\/\/ccgard.com:443","is_dev":false}
[2026-01-13 15:38:32] [INFO] Application initialized {"base_url":"https:\/\/ccgard.com:443","is_dev":false}
[2026-01-13 15:40:45] [INFO] Application initialized {"base_url":"https:\/\/ccgard.com:443","is_dev":false}
[2026-01-13 15:40:46] [INFO] Application initialized {"base_url":"https:\/\/ccgard.com:443","is_dev":false}
[2026-01-13 16:03:50] [INFO] Application initialized {"base_url":"https:\/\/ccgard.com:443","is_dev":false}
[2026-01-13 16:03:50] [INFO] Application initialized {"base_url":"https:\/\/ccgard.com:443","is_dev":false}
[2026-01-13 16:04:29] [INFO] Application initialized {"base_url":"https:\/\/ccgard.com:443","is_dev":false}
[2026-01-13 16:04:30] [INFO] Application initialized {"base_url":"https:\/\/ccgard.com:443","is_dev":false}
[2026-01-13 16:09:17] [INFO] Application initialized {"base_url":"https:\/\/ccgard.com:443","is_dev":false}
[2026-01-13 16:09:17] [INFO] Application initialized {"base_url":"https:\/\/ccgard.com:443","is_dev":false}
[2026-01-13 16:17:30] [INFO] Application initialized {"base_url":"http:\/\/www.ccgard.com","is_dev":false}
[2026-01-13 16:20:52] [INFO] Application initialized {"base_url":"https:\/\/ccgard.com:443","is_dev":false}
[2026-01-13 16:20:52] [INFO] Application initialized {"base_url":"https:\/\/ccgard.com:443","is_dev":false}
[2026-01-13 16:26:28] [INFO] Application initialized {"base_url":"https:\/\/ccgard.com:443","is_dev":false}
[2026-01-13 16:26:28] [INFO] Application initialized {"base_url":"https:\/\/ccgard.com:443","is_dev":false}
[2026-01-13 17:16:28] [INFO] Application initialized {"base_url":"https:\/\/ccgard.com:443","is_dev":false}
[2026-01-13 17:16:29] [INFO] Application initialized {"base_url":"https:\/\/ccgard.com:443","is_dev":false}
[2026-01-13 17:36:20] [INFO] Application initialized {"base_url":"https:\/\/ccgard.com:443","is_dev":false}
[2026-01-13 17:36:21] [INFO] Application initialized {"base_url":"https:\/\/ccgard.com:443","is_dev":false}
[2026-01-13 17:43:50] [INFO] Application initialized {"base_url":"https:\/\/ccgard.com:443","is_dev":false}
[2026-01-13 17:43:51] [INFO] Application initialized {"base_url":"https:\/\/ccgard.com:443","is_dev":false}
[2026-01-13 17:47:27] [INFO] Application initialized {"base_url":"https:\/\/ccgard.com:443","is_dev":false}
[2026-01-13 17:47:27] [INFO] Application initialized {"base_url":"https:\/\/ccgard.com:443","is_dev":false}
[2026-01-13 17:51:34] [INFO] Application initialized {"base_url":"https:\/\/ccgard.com:443","is_dev":false}
[2026-01-13 17:51:35] [INFO] Application initialized {"base_url":"https:\/\/ccgard.com:443","is_dev":false}
[2026-01-13 18:35:45] [INFO] Application initialized {"base_url":"https:\/\/ccgard.com:443","is_dev":false}
[2026-01-13 18:35:46] [INFO] Application initialized {"base_url":"https:\/\/ccgard.com:443","is_dev":false}
[2026-01-13 18:35:55] [INFO] Application initialized {"base_url":"https:\/\/ccgard.com:443","is_dev":false}
[2026-01-13 18:35:56] [INFO] Application initialized {"base_url":"https:\/\/ccgard.com:443","is_dev":false}
[2026-01-13 18:49:03] [INFO] Application initialized {"base_url":"https:\/\/ccgard.com:443","is_dev":false}
[2026-01-13 18:49:04] [INFO] Application initialized {"base_url":"https:\/\/ccgard.com:443","is_dev":false}
[2026-01-13 18:59:10] [INFO] Application initialized {"base_url":"https:\/\/ccgard.com:443","is_dev":false}
[2026-01-13 18:59:12] [INFO] Application initialized {"base_url":"https:\/\/ccgard.com:443","is_dev":false}
[2026-01-13 19:02:38] [INFO] Application initialized {"base_url":"https:\/\/ccgard.com:443","is_dev":false}
[2026-01-13 19:02:39] [INFO] Application initialized {"base_url":"https:\/\/ccgard.com:443","is_dev":false}
[2026-01-13 19:02:43] [INFO] Application initialized {"base_url":"http:\/\/ccgard.com","is_dev":false}
[2026-01-13 19:06:51] [INFO] Application initialized {"base_url":"https:\/\/ccgard.com","is_dev":false}
[2026-01-13 19:26:08] [INFO] Application initialized {"base_url":"https:\/\/ccgard.com:443","is_dev":false}
[2026-01-13 19:26:09] [INFO] Application initialized {"base_url":"https:\/\/ccgard.com:443","is_dev":false}
[2026-01-13 20:04:38] [INFO] Application initialized {"base_url":"http:\/\/ccgard.com","is_dev":false}
[2026-01-13 20:13:41] [INFO] Application initialized {"base_url":"https:\/\/ccgard.com:443","is_dev":false}
[2026-01-13 20:13:42] [INFO] Application initialized {"base_url":"https:\/\/ccgard.com:443","is_dev":false}
[2026-01-13 20:24:42] [INFO] Application initialized {"base_url":"https:\/\/ccgard.com:443","is_dev":false}
[2026-01-13 20:24:44] [INFO] Application initialized {"base_url":"https:\/\/ccgard.com:443","is_dev":false}
[2026-01-13 20:27:34] [INFO] Application initialized {"base_url":"https:\/\/ccgard.com:443","is_dev":false}
[2026-01-13 20:27:37] [INFO] Application initialized {"base_url":"https:\/\/ccgard.com:443","is_dev":false}
[2026-01-13 20:28:14] [INFO] Application initialized {"base_url":"https:\/\/ccgard.com","is_dev":false}
[2026-01-13 20:41:59] [INFO] Application initialized {"base_url":"https:\/\/ccgard.com:443","is_dev":false}
[2026-01-13 20:41:59] [INFO] Application initialized {"base_url":"https:\/\/ccgard.com:443","is_dev":false}
